2025-09-07 22:43:50 [INFO] base.BaseTest - =========================================
2025-09-07 22:43:50 [INFO] base.BaseTest - ======== Test Execution Started =========
2025-09-07 22:43:50 [INFO] base.BaseTest - =========================================
2025-09-07 22:43:50 [INFO] base.BaseTest - Selected Browser: chrome
2025-09-07 22:43:50 [DEBUG] io.github.bonigarcia.wdm.WebDriverManager - Using WebDriverManager 6.2.0
2025-09-07 22:43:50 [DEBUG] io.github.bonigarcia.wdm.cache.ResolutionCache - Resolution chrome=139 in cache (valid until 23:40:26 07/09/2025 IST)
2025-09-07 22:43:50 [DEBUG] io.github.bonigarcia.wdm.cache.ResolutionCache - Resolution chrome139=139.0.7258.154 in cache (valid until 22:40:26 08/09/2025 IST)
2025-09-07 22:43:50 [INFO] io.github.bonigarcia.wdm.WebDriverManager - Using chromedriver 139.0.7258.154 (resolved driver for Chrome 139)
2025-09-07 22:43:50 [DEBUG] io.github.bonigarcia.wdm.WebDriverManager - Driver chromedriver 139.0.7258.154 found in cache
2025-09-07 22:43:50 [INFO] io.github.bonigarcia.wdm.WebDriverManager - Exporting webdriver.chrome.driver as C:\Users\raksh\.cache\selenium\chromedriver\win64\139.0.7258.154\chromedriver.exe
2025-09-07 22:43:53 [INFO] pages.LoginPage - Entered 'standard_user' into: UserName Field
2025-09-07 22:43:54 [INFO] pages.LoginPage - Entered 'secret_sauce' into: Password Field
2025-09-07 22:43:54 [INFO] pages.LoginPage - Clicked on: Login Button
2025-09-07 22:43:54 [INFO] pages.LoginPage - Login submitted.
2025-09-07 22:43:54 [INFO] utils.TestListener - ===== STARTING TEST: verifyAddedProductsAreInCart =====
2025-09-07 22:43:54 [INFO] pages.HomePage - ✅ Home Page loaded successfully. Title: Products
2025-09-07 22:43:54 [INFO] base.BaseTest - Currently product in cart: 0
2025-09-07 22:43:54 [INFO] pages.HomePage - Clicked on: Add product: Sauce Labs Backpack
2025-09-07 22:43:54 [INFO] pages.HomePage - ✅ Added product: Sauce Labs Backpack
2025-09-07 22:43:54 [INFO] pages.HomePage - Clicked on: Add product: Sauce Labs Bolt T-Shirt
2025-09-07 22:43:54 [INFO] pages.HomePage - ✅ Added product: Sauce Labs Bolt T-Shirt
2025-09-07 22:43:55 [INFO] base.BaseTest - Currently product in cart: 2
2025-09-07 22:43:55 [INFO] pages.HomePage - Clicked on: Cart Button
2025-09-07 22:43:55 [INFO] pages.CartPage - ✅ Cart Page opened successfully.
2025-09-07 22:43:55 [INFO] base.BaseTest - Products inside cart: [Sauce Labs Backpack, Sauce Labs Bolt T-Shirt]
2025-09-07 22:43:55 [INFO] base.BaseTest - Cart products match with added products.
2025-09-07 22:43:55 [INFO] utils.TestListener - ✅ TEST PASSED: verifyAddedProductsAreInCart
2025-09-07 22:43:55 [INFO] utils.TestListener - ===== STARTING TEST: verifyRemoveProductFromCart =====
2025-09-07 22:43:55 [INFO] pages.CartPage - Clicked on: Remove Sauce Labs Bolt T-Shirt from cart
2025-09-07 22:43:55 [INFO] pages.CartPage - ✅ Removed product from cart: Sauce Labs Bolt T-Shirt
2025-09-07 22:43:55 [INFO] pages.CartPage - Product 'Sauce Labs Bolt T-Shirt' presence in cart: false
2025-09-07 22:43:55 [INFO] utils.TestListener - ✅ TEST PASSED: verifyRemoveProductFromCart
2025-09-07 22:43:55 [INFO] utils.TestListener - ===== STARTING TEST: verifyCheckoutButtonBehavior =====
2025-09-07 22:43:55 [INFO] pages.HomePage - Clicked on: Cart Button
2025-09-07 22:43:55 [INFO] pages.CartPage - Cart contains 1 product(s).
2025-09-07 22:43:55 [INFO] base.BaseTest - Cart not empty, clearing cart first...
2025-09-07 22:43:55 [INFO] pages.CartPage - Clicked on: Remove Sauce Labs Backpack from cart
2025-09-07 22:43:55 [INFO] pages.CartPage - ✅ Removed product from cart: Sauce Labs Backpack
2025-09-07 22:43:56 [INFO] pages.CartPage - Checkout button enabled status: true
2025-09-07 22:43:56 [ERROR] utils.TestListener - ❌ TEST FAILED: verifyCheckoutButtonBehavior
java.lang.AssertionError: ❌ Checkout button should be disabled when cart is empty!
	at org.junit.Assert.fail(Assert.java:89) ~[junit-4.13.2.jar:4.13.2]
	at org.junit.Assert.assertTrue(Assert.java:42) ~[junit-4.13.2.jar:4.13.2]
	at org.junit.Assert.assertFalse(Assert.java:65) ~[junit-4.13.2.jar:4.13.2]
	at tests.CartPage.Test_CartItem.verifyCheckoutButtonBehavior(Test_CartItem.java:81) ~[test-classes/:?]
	at java.base/jdk.internal.reflect.DirectMethodHandleAccessor.invoke(DirectMethodHandleAccessor.java:103) ~[?:?]
	at java.base/java.lang.reflect.Method.invoke(Method.java:580) ~[?:?]
	at org.testng.internal.invokers.MethodInvocationHelper.invokeMethod(MethodInvocationHelper.java:141) ~[testng-7.10.1.jar:7.10.1]
	at org.testng.internal.invokers.TestInvoker.invokeMethod(TestInvoker.java:686) ~[testng-7.10.1.jar:7.10.1]
	at org.testng.internal.invokers.TestInvoker.invokeTestMethod(TestInvoker.java:230) ~[testng-7.10.1.jar:7.10.1]
	at org.testng.internal.invokers.MethodRunner.runInSequence(MethodRunner.java:63) ~[testng-7.10.1.jar:7.10.1]
	at org.testng.internal.invokers.TestInvoker$MethodInvocationAgent.invoke(TestInvoker.java:992) ~[testng-7.10.1.jar:7.10.1]
	at org.testng.internal.invokers.TestInvoker.invokeTestMethods(TestInvoker.java:203) ~[testng-7.10.1.jar:7.10.1]
	at org.testng.internal.invokers.TestMethodWorker.invokeTestMethods(TestMethodWorker.java:154) ~[testng-7.10.1.jar:7.10.1]
	at org.testng.internal.invokers.TestMethodWorker.run(TestMethodWorker.java:134) ~[testng-7.10.1.jar:7.10.1]
	at java.base/java.util.ArrayList.forEach(ArrayList.java:1596) [?:?]
	at org.testng.TestRunner.privateRun(TestRunner.java:739) [testng-7.10.1.jar:7.10.1]
	at org.testng.TestRunner.run(TestRunner.java:614) [testng-7.10.1.jar:7.10.1]
	at org.testng.SuiteRunner.runTest(SuiteRunner.java:421) [testng-7.10.1.jar:7.10.1]
	at org.testng.SuiteRunner.runSequentially(SuiteRunner.java:413) [testng-7.10.1.jar:7.10.1]
	at org.testng.SuiteRunner.privateRun(SuiteRunner.java:373) [testng-7.10.1.jar:7.10.1]
	at org.testng.SuiteRunner.run(SuiteRunner.java:312) [testng-7.10.1.jar:7.10.1]
	at org.testng.SuiteRunnerWorker.runSuite(SuiteRunnerWorker.java:52) [testng-7.10.1.jar:7.10.1]
	at org.testng.SuiteRunnerWorker.run(SuiteRunnerWorker.java:95) [testng-7.10.1.jar:7.10.1]
	at org.testng.TestNG.runSuitesSequentially(TestNG.java:1274) [testng-7.10.1.jar:7.10.1]
	at org.testng.TestNG.runSuitesLocally(TestNG.java:1208) [testng-7.10.1.jar:7.10.1]
	at org.testng.TestNG.runSuites(TestNG.java:1112) [testng-7.10.1.jar:7.10.1]
	at org.testng.TestNG.run(TestNG.java:1079) [testng-7.10.1.jar:7.10.1]
	at org.testng.remote.AbstractRemoteTestNG.run(AbstractRemoteTestNG.java:115) [testng-remote.jar:?]
	at org.testng.remote.RemoteTestNG.initAndRun(RemoteTestNG.java:293) [testng-remote.jar:?]
	at org.testng.remote.RemoteTestNG.main(RemoteTestNG.java:91) [testng-remote.jar:?]
2025-09-07 22:43:56 [ERROR] base.BaseTest - ❌ Test Failed: verifyCheckoutButtonBehavior
2025-09-07 22:43:57 [INFO] base.BaseTest - Browser closed.
2025-09-07 22:43:57 [INFO] base.BaseTest - ===== Test Execution Finished =====

