2025-08-30 10:22:59 [INFO] base.BaseTest - =========================================
2025-08-30 10:22:59 [INFO] base.BaseTest - ======== Test Execution Started =========
2025-08-30 10:22:59 [INFO] base.BaseTest - =========================================
2025-08-30 10:22:59 [INFO] base.BaseTest - Selected Browser: chrome
2025-08-30 10:23:15 [INFO] pages.LoginPage - Entered 'standard_user' into: UserName Field
2025-08-30 10:23:17 [INFO] pages.LoginPage - Entered 'secret_sauce' into: PasswordField
2025-08-30 10:23:17 [INFO] pages.LoginPage - Clicked on: Login Button
2025-08-30 10:23:23 [INFO] pages.LoginPage - Login submitted, navigating to Home Page.
2025-08-30 10:23:26 [INFO] utils.TestListener - ===== STARTING TEST: testLogOut =====
2025-08-30 10:23:26 [INFO] pages.HomePage - Clicked on: Open side bar
2025-08-30 10:23:26 [ERROR] utils.TestListener - ❌ TEST FAILED: testLogOut
java.lang.ClassCastException: class jdk.proxy2.$Proxy16 cannot be cast to class org.openqa.selenium.By (jdk.proxy2.$Proxy16 is in module jdk.proxy2 of loader 'app'; org.openqa.selenium.By is in unnamed module of loader 'app')
	at base.BasePage.logOutAccount(BasePage.java:100)
	at tests.Test_LogOut.testLogOut(Test_LogOut.java:27)
	at java.base/jdk.internal.reflect.DirectMethodHandleAccessor.invoke(DirectMethodHandleAccessor.java:103)
	at java.base/java.lang.reflect.Method.invoke(Method.java:580)
	at org.testng.internal.invokers.MethodInvocationHelper.invokeMethod(MethodInvocationHelper.java:141)
	at org.testng.internal.invokers.TestInvoker.invokeMethod(TestInvoker.java:686)
	at org.testng.internal.invokers.TestInvoker.invokeTestMethod(TestInvoker.java:230)
	at org.testng.internal.invokers.MethodRunner.runInSequence(MethodRunner.java:63)
	at org.testng.internal.invokers.TestInvoker$MethodInvocationAgent.invoke(TestInvoker.java:992)
	at org.testng.internal.invokers.TestInvoker.invokeTestMethods(TestInvoker.java:203)
	at org.testng.internal.invokers.TestMethodWorker.invokeTestMethods(TestMethodWorker.java:154)
	at org.testng.internal.invokers.TestMethodWorker.run(TestMethodWorker.java:134)
	at java.base/java.util.ArrayList.forEach(ArrayList.java:1596)
	at org.testng.TestRunner.privateRun(TestRunner.java:739)
	at org.testng.TestRunner.run(TestRunner.java:614)
	at org.testng.SuiteRunner.runTest(SuiteRunner.java:421)
	at org.testng.SuiteRunner.runSequentially(SuiteRunner.java:413)
	at org.testng.SuiteRunner.privateRun(SuiteRunner.java:373)
	at org.testng.SuiteRunner.run(SuiteRunner.java:312)
	at org.testng.SuiteRunnerWorker.runSuite(SuiteRunnerWorker.java:52)
	at org.testng.SuiteRunnerWorker.run(SuiteRunnerWorker.java:95)
	at org.testng.TestNG.runSuitesSequentially(TestNG.java:1274)
	at org.testng.TestNG.runSuitesLocally(TestNG.java:1208)
	at org.testng.TestNG.runSuites(TestNG.java:1112)
	at org.testng.TestNG.run(TestNG.java:1079)
	at org.testng.remote.AbstractRemoteTestNG.run(AbstractRemoteTestNG.java:115)
	at org.testng.remote.RemoteTestNG.initAndRun(RemoteTestNG.java:293)
	at org.testng.remote.RemoteTestNG.main(RemoteTestNG.java:91)
2025-08-30 10:23:27 [ERROR] base.BaseTest - ❌ Test Failed: testLogOut
2025-08-30 10:23:46 [INFO] base.BaseTest - Browser closed.
2025-08-30 10:23:46 [INFO] base.BaseTest - ===== Test Execution Finished =====
2025-08-30 10:23:46 [INFO] utils.TestListener - ===== FINISHED TEST SUITE: Logout Tests =====
