2025-08-28 11:02:23 [INFO] base.BaseTest - =========================================
2025-08-28 11:02:23 [INFO] base.BaseTest - ======== Test Execution Started =========
2025-08-28 11:02:23 [INFO] base.BaseTest - =========================================
2025-08-28 11:02:23 [INFO] base.BaseTest - Selected Browser: chrome
2025-08-28 11:02:48 [INFO] utils.TestListener - ===== STARTING TEST: LoginUser =====
2025-08-28 11:02:49 [INFO] pages.LoginPage - Entered 'https://www.saucedemo.com/v1/index.html' into: UserName Field
2025-08-28 11:02:50 [INFO] pages.LoginPage - Entered 'secret_sauce' into: PasswordField
2025-08-28 11:02:50 [INFO] pages.LoginPage - Clicked on: Login Button
2025-08-28 11:02:53 [INFO] pages.LoginPage - Login submitted, navigating to Home Page.
2025-08-28 11:02:56 [ERROR] utils.TestListener - ❌ TEST FAILED: LoginUser
java.lang.Error: Unresolved compilation problems: 
	Syntax error, insert "Identifier (" to complete MethodHeaderName
	Syntax error, insert ")" to complete MethodDeclaration
	Syntax error, insert ";" to complete MethodDeclaration

	at pages.HomePage.<init>(HomePage.java:25)
	at pages.LoginPage.clickLoginButton(LoginPage.java:61)
	at tests.DemoPage.LoginUser(DemoPage.java:27)
	at java.base/jdk.internal.reflect.DirectMethodHandleAccessor.invoke(DirectMethodHandleAccessor.java:103)
	at java.base/java.lang.reflect.Method.invoke(Method.java:580)
	at org.testng.internal.invokers.MethodInvocationHelper.invokeMethod(MethodInvocationHelper.java:141)
	at org.testng.internal.invokers.TestInvoker.invokeMethod(TestInvoker.java:686)
	at org.testng.internal.invokers.TestInvoker.invokeTestMethod(TestInvoker.java:230)
	at org.testng.internal.invokers.MethodRunner.runInSequence(MethodRunner.java:63)
	at org.testng.internal.invokers.TestInvoker$MethodInvocationAgent.invoke(TestInvoker.java:992)
	at org.testng.internal.invokers.TestInvoker.invokeTestMethods(TestInvoker.java:203)
	at org.testng.internal.invokers.TestMethodWorker.invokeTestMethods(TestMethodWorker.java:154)
	at org.testng.internal.invokers.TestMethodWorker.run(TestMethodWorker.java:134)
	at java.base/java.util.ArrayList.forEach(ArrayList.java:1596)
	at org.testng.TestRunner.privateRun(TestRunner.java:739)
	at org.testng.TestRunner.run(TestRunner.java:614)
	at org.testng.SuiteRunner.runTest(SuiteRunner.java:421)
	at org.testng.SuiteRunner.runSequentially(SuiteRunner.java:413)
	at org.testng.SuiteRunner.privateRun(SuiteRunner.java:373)
	at org.testng.SuiteRunner.run(SuiteRunner.java:312)
	at org.testng.SuiteRunnerWorker.runSuite(SuiteRunnerWorker.java:52)
	at org.testng.SuiteRunnerWorker.run(SuiteRunnerWorker.java:95)
	at org.testng.TestNG.runSuitesSequentially(TestNG.java:1274)
	at org.testng.TestNG.runSuitesLocally(TestNG.java:1208)
	at org.testng.TestNG.runSuites(TestNG.java:1112)
	at org.testng.TestNG.run(TestNG.java:1079)
	at org.testng.remote.AbstractRemoteTestNG.run(AbstractRemoteTestNG.java:115)
	at org.testng.remote.RemoteTestNG.initAndRun(RemoteTestNG.java:293)
	at org.testng.remote.RemoteTestNG.main(RemoteTestNG.java:91)
2025-08-28 11:02:56 [ERROR] base.BaseTest - ❌ Test Failed: LoginUser
2025-08-28 11:02:58 [INFO] base.BaseTest - Browser closed.
2025-08-28 11:02:58 [INFO] base.BaseTest - ===== Test Execution Finished =====
2025-08-28 11:02:58 [INFO] utils.TestListener - ===== FINISHED TEST SUITE: Login Tests =====
