2025-08-30 10:44:15 [INFO] base.BaseTest - =========================================
2025-08-30 10:44:15 [INFO] base.BaseTest - ======== Test Execution Started =========
2025-08-30 10:44:15 [INFO] base.BaseTest - =========================================
2025-08-30 10:44:15 [INFO] base.BaseTest - Selected Browser: chrome
2025-08-30 10:44:27 [INFO] pages.LoginPage - Entered 'standard_user' into: UserName Field
2025-08-30 10:44:28 [INFO] pages.LoginPage - Entered 'secret_sauce' into: PasswordField
2025-08-30 10:44:28 [INFO] pages.LoginPage - Clicked on: Login Button
2025-08-30 10:44:33 [INFO] pages.LoginPage - Login submitted, navigating to Home Page.
2025-08-30 10:44:37 [INFO] pages.HomePage - Clicked on: Add Sauce Labs Backpack to cart
2025-08-30 10:44:40 [INFO] pages.HomePage - Clicked on: Cart Button
2025-08-30 10:44:43 [INFO] pages.CartPage - Cart Page opened successfully. Title: Your Cart
2025-08-30 10:44:45 [INFO] pages.CartPage - Clicked on: Checkout Button
2025-08-30 10:44:45 [INFO] pages.CartPage - Clicked Checkout button, navigating to CheckoutPage.
2025-08-30 10:44:45 [INFO] pages.CheckoutPage - Checkout Page opened successfully. Title: Checkout: Your Information
2025-08-30 10:44:46 [INFO] utils.TestListener - ===== STARTING TEST: testCheckoutProcess =====
2025-08-30 10:44:46 [INFO] pages.CheckoutPage - Entered 'John' into: First Name
2025-08-30 10:44:52 [INFO] pages.CheckoutPage - Entered 'Doe' into: Last Name
2025-08-30 10:44:53 [INFO] pages.CheckoutPage - Entered '12345' into: Postal Code
2025-08-30 10:44:53 [INFO] pages.CheckoutPage - Entered checkout info: John Doe | 12345
2025-08-30 10:44:53 [INFO] pages.CheckoutPage - Clicked on: Continue Button
2025-08-30 10:44:53 [INFO] pages.CheckoutPage - Clicked Continue button.
2025-08-30 10:44:53 [INFO] pages.CheckoutPage - ✅ Checkout Overview Page opened successfully.
2025-08-30 10:44:53 [INFO] utils.TestListener - ✅ TEST PASSED: testCheckoutProcess
2025-08-30 10:44:53 [INFO] pages.CheckoutPage - Clicked on: Click on Open Side Bar
2025-08-30 10:44:56 [INFO] pages.CheckoutPage - Clicked on: Click on All items button
2025-08-30 10:44:56 [INFO] pages.HomePage - ✅ Home Page is open. Title: Products
2025-08-30 10:44:56 [INFO] pages.HomePage - Clicked on: Cart Button
2025-08-30 10:44:56 [INFO] pages.CartPage - Clicked on: Checkout Button
2025-08-30 10:44:56 [INFO] pages.CartPage - Clicked Checkout button, navigating to CheckoutPage.
2025-08-30 10:44:57 [INFO] pages.CheckoutPage - Checkout Page opened successfully. Title: Checkout: Your Information
2025-08-30 10:44:57 [INFO] utils.TestListener - ===== STARTING TEST: testCheckoutProcess =====
2025-08-30 10:44:59 [INFO] pages.CheckoutPage - Entered '' into: First Name
2025-08-30 10:45:04 [INFO] pages.CheckoutPage - Entered 'Doe' into: Last Name
2025-08-30 10:45:05 [INFO] pages.CheckoutPage - Entered '12345' into: Postal Code
2025-08-30 10:45:05 [INFO] pages.CheckoutPage - Entered checkout info:  Doe | 12345
2025-08-30 10:45:05 [INFO] pages.CheckoutPage - Clicked on: Continue Button
2025-08-30 10:45:05 [INFO] pages.CheckoutPage - Clicked Continue button.
2025-08-30 10:45:16 [DEBUG] pages.CheckoutPage - Checkout Overview Page not open yet (might be error case).
2025-08-30 10:45:16 [WARN] pages.CheckoutPage - ⚠️ Checkout Error displayed: Error: First Name is required
2025-08-30 10:45:16 [WARN] pages.CheckoutPage - ⚠️ Checkout Error displayed: Error: First Name is required
2025-08-30 10:45:16 [INFO] utils.TestListener - ✅ TEST PASSED: testCheckoutProcess
2025-08-30 10:45:17 [INFO] pages.CheckoutPage - Clicked on: Click on Open Side Bar
2025-08-30 10:45:20 [INFO] pages.CheckoutPage - Clicked on: Click on All items button
2025-08-30 10:45:20 [INFO] pages.HomePage - ✅ Home Page is open. Title: Products
2025-08-30 10:45:21 [INFO] pages.HomePage - Clicked on: Cart Button
2025-08-30 10:45:21 [INFO] pages.CartPage - Clicked on: Checkout Button
2025-08-30 10:45:21 [INFO] pages.CartPage - Clicked Checkout button, navigating to CheckoutPage.
2025-08-30 10:45:21 [INFO] pages.CheckoutPage - Checkout Page opened successfully. Title: Checkout: Your Information
2025-08-30 10:45:21 [INFO] utils.TestListener - ===== STARTING TEST: testCheckoutProcess =====
2025-08-30 10:45:21 [INFO] pages.CheckoutPage - Entered 'John' into: First Name
2025-08-30 10:45:27 [INFO] pages.CheckoutPage - Entered 'Doe' into: Last Name
2025-08-30 10:45:28 [INFO] pages.CheckoutPage - Entered 'ABCD' into: Postal Code
2025-08-30 10:45:28 [INFO] pages.CheckoutPage - Entered checkout info: John Doe | ABCD
2025-08-30 10:45:28 [INFO] pages.CheckoutPage - Clicked on: Continue Button
2025-08-30 10:45:28 [INFO] pages.CheckoutPage - Clicked Continue button.
2025-08-30 10:45:28 [INFO] pages.CheckoutPage - ✅ Checkout Overview Page opened successfully.
2025-08-30 10:45:28 [ERROR] utils.TestListener - ❌ TEST FAILED: testCheckoutProcess
java.lang.AssertionError: ❌ Expected error but proceeded to Checkout Overview.
	at org.junit.Assert.fail(Assert.java:89)
	at org.junit.Assert.assertTrue(Assert.java:42)
	at org.junit.Assert.assertFalse(Assert.java:65)
	at tests.CheckoutPage.Test_verifyForm.testCheckoutProcess(Test_verifyForm.java:61)
	at java.base/jdk.internal.reflect.DirectMethodHandleAccessor.invoke(DirectMethodHandleAccessor.java:103)
	at java.base/java.lang.reflect.Method.invoke(Method.java:580)
	at org.testng.internal.invokers.MethodInvocationHelper.invokeMethod(MethodInvocationHelper.java:141)
	at org.testng.internal.invokers.TestInvoker.invokeMethod(TestInvoker.java:686)
	at org.testng.internal.invokers.TestInvoker.invokeTestMethod(TestInvoker.java:230)
	at org.testng.internal.invokers.MethodRunner.runInSequence(MethodRunner.java:63)
	at org.testng.internal.invokers.TestInvoker$MethodInvocationAgent.invoke(TestInvoker.java:992)
	at org.testng.internal.invokers.TestInvoker.invokeTestMethods(TestInvoker.java:203)
	at org.testng.internal.invokers.TestMethodWorker.invokeTestMethods(TestMethodWorker.java:154)
	at org.testng.internal.invokers.TestMethodWorker.run(TestMethodWorker.java:134)
	at java.base/java.util.ArrayList.forEach(ArrayList.java:1596)
	at org.testng.TestRunner.privateRun(TestRunner.java:739)
	at org.testng.TestRunner.run(TestRunner.java:614)
	at org.testng.SuiteRunner.runTest(SuiteRunner.java:421)
	at org.testng.SuiteRunner.runSequentially(SuiteRunner.java:413)
	at org.testng.SuiteRunner.privateRun(SuiteRunner.java:373)
	at org.testng.SuiteRunner.run(SuiteRunner.java:312)
	at org.testng.SuiteRunnerWorker.runSuite(SuiteRunnerWorker.java:52)
	at org.testng.SuiteRunnerWorker.run(SuiteRunnerWorker.java:95)
	at org.testng.TestNG.runSuitesSequentially(TestNG.java:1274)
	at org.testng.TestNG.runSuitesLocally(TestNG.java:1208)
	at org.testng.TestNG.runSuites(TestNG.java:1112)
	at org.testng.TestNG.run(TestNG.java:1079)
	at org.testng.remote.AbstractRemoteTestNG.run(AbstractRemoteTestNG.java:115)
	at org.testng.remote.RemoteTestNG.initAndRun(RemoteTestNG.java:293)
	at org.testng.remote.RemoteTestNG.main(RemoteTestNG.java:91)
2025-08-30 10:45:28 [INFO] pages.CheckoutPage - Clicked on: Click on Open Side Bar
2025-08-30 10:45:30 [INFO] pages.CheckoutPage - Clicked on: Click on All items button
2025-08-30 10:45:31 [INFO] pages.HomePage - ✅ Home Page is open. Title: Products
2025-08-30 10:45:37 [INFO] pages.HomePage - Clicked on: Cart Button
2025-08-30 10:45:38 [INFO] pages.CartPage - Clicked on: Checkout Button
2025-08-30 10:45:38 [INFO] pages.CartPage - Clicked Checkout button, navigating to CheckoutPage.
2025-08-30 10:45:38 [INFO] pages.CheckoutPage - Checkout Page opened successfully. Title: Checkout: Your Information
2025-08-30 10:45:38 [ERROR] base.BaseTest - ❌ Test Failed: testCheckoutProcess
2025-08-30 10:45:39 [INFO] utils.TestListener - ===== STARTING TEST: testCheckoutProcess =====
2025-08-30 10:45:39 [INFO] pages.CheckoutPage - Entered 'John' into: First Name
2025-08-30 10:45:45 [INFO] pages.CheckoutPage - Entered '' into: Last Name
2025-08-30 10:45:45 [INFO] pages.CheckoutPage - Entered '12345' into: Postal Code
2025-08-30 10:45:45 [INFO] pages.CheckoutPage - Entered checkout info: John  | 12345
2025-08-30 10:45:46 [INFO] pages.CheckoutPage - Clicked on: Continue Button
2025-08-30 10:45:46 [INFO] pages.CheckoutPage - Clicked Continue button.
2025-08-30 10:45:56 [DEBUG] pages.CheckoutPage - Checkout Overview Page not open yet (might be error case).
2025-08-30 10:45:56 [WARN] pages.CheckoutPage - ⚠️ Checkout Error displayed: Error: Last Name is required
2025-08-30 10:45:56 [WARN] pages.CheckoutPage - ⚠️ Checkout Error displayed: Error: Last Name is required
2025-08-30 10:45:56 [INFO] utils.TestListener - ✅ TEST PASSED: testCheckoutProcess
2025-08-30 10:45:56 [INFO] pages.CheckoutPage - Clicked on: Click on Open Side Bar
2025-08-30 10:45:59 [INFO] pages.CheckoutPage - Clicked on: Click on All items button
2025-08-30 10:45:59 [INFO] pages.HomePage - ✅ Home Page is open. Title: Products
2025-08-30 10:45:59 [INFO] pages.HomePage - Clicked on: Cart Button
2025-08-30 10:46:01 [INFO] pages.CartPage - Clicked on: Checkout Button
2025-08-30 10:46:01 [INFO] pages.CartPage - Clicked Checkout button, navigating to CheckoutPage.
2025-08-30 10:46:02 [INFO] pages.CheckoutPage - Checkout Page opened successfully. Title: Checkout: Your Information
2025-08-30 10:46:03 [INFO] utils.TestListener - ===== STARTING TEST: testCheckoutProcess =====
2025-08-30 10:46:06 [INFO] pages.CheckoutPage - Entered 'John' into: First Name
2025-08-30 10:46:12 [INFO] pages.CheckoutPage - Entered 'Doe' into: Last Name
2025-08-30 10:46:13 [INFO] pages.CheckoutPage - Entered '' into: Postal Code
2025-08-30 10:46:13 [INFO] pages.CheckoutPage - Entered checkout info: John Doe | 
2025-08-30 10:46:13 [INFO] pages.CheckoutPage - Clicked on: Continue Button
2025-08-30 10:46:13 [INFO] pages.CheckoutPage - Clicked Continue button.
2025-08-30 10:46:24 [DEBUG] pages.CheckoutPage - Checkout Overview Page not open yet (might be error case).
2025-08-30 10:46:24 [WARN] pages.CheckoutPage - ⚠️ Checkout Error displayed: Error: Postal Code is required
2025-08-30 10:46:24 [WARN] pages.CheckoutPage - ⚠️ Checkout Error displayed: Error: Postal Code is required
2025-08-30 10:46:24 [INFO] utils.TestListener - ✅ TEST PASSED: testCheckoutProcess
2025-08-30 10:46:24 [INFO] pages.CheckoutPage - Clicked on: Click on Open Side Bar
2025-08-30 10:46:26 [INFO] pages.CheckoutPage - Clicked on: Click on All items button
2025-08-30 10:46:26 [INFO] pages.HomePage - ✅ Home Page is open. Title: Products
2025-08-30 10:46:27 [INFO] pages.HomePage - Clicked on: Cart Button
2025-08-30 10:46:27 [INFO] pages.CartPage - Clicked on: Checkout Button
2025-08-30 10:46:27 [INFO] pages.CartPage - Clicked Checkout button, navigating to CheckoutPage.
2025-08-30 10:46:27 [INFO] pages.CheckoutPage - Checkout Page opened successfully. Title: Checkout: Your Information
2025-08-30 10:46:27 [INFO] utils.TestListener - ===== STARTING TEST: testCheckoutProcess =====
2025-08-30 10:46:28 [INFO] pages.CheckoutPage - Entered '' into: First Name
2025-08-30 10:46:33 [INFO] pages.CheckoutPage - Entered '' into: Last Name
2025-08-30 10:46:34 [INFO] pages.CheckoutPage - Entered '' into: Postal Code
2025-08-30 10:46:34 [INFO] pages.CheckoutPage - Entered checkout info:   | 
2025-08-30 10:46:36 [INFO] pages.CheckoutPage - Clicked on: Continue Button
2025-08-30 10:46:36 [INFO] pages.CheckoutPage - Clicked Continue button.
2025-08-30 10:46:48 [DEBUG] pages.CheckoutPage - Checkout Overview Page not open yet (might be error case).
2025-08-30 10:46:50 [WARN] pages.CheckoutPage - ⚠️ Checkout Error displayed: Error: First Name is required
2025-08-30 10:46:51 [WARN] pages.CheckoutPage - ⚠️ Checkout Error displayed: Error: First Name is required
2025-08-30 10:46:51 [INFO] utils.TestListener - ✅ TEST PASSED: testCheckoutProcess
2025-08-30 10:46:52 [INFO] pages.CheckoutPage - Clicked on: Click on Open Side Bar
2025-08-30 10:46:55 [INFO] pages.CheckoutPage - Clicked on: Click on All items button
2025-08-30 10:46:55 [INFO] pages.HomePage - ✅ Home Page is open. Title: Products
2025-08-30 10:46:56 [INFO] pages.HomePage - Clicked on: Cart Button
2025-08-30 10:46:56 [INFO] pages.CartPage - Clicked on: Checkout Button
2025-08-30 10:46:56 [INFO] pages.CartPage - Clicked Checkout button, navigating to CheckoutPage.
2025-08-30 10:46:56 [INFO] pages.CheckoutPage - Checkout Page opened successfully. Title: Checkout: Your Information
2025-08-30 10:47:28 [INFO] base.BaseTest - Browser closed.
2025-08-30 10:47:28 [INFO] base.BaseTest - ===== Test Execution Finished =====
