2025-08-29 14:20:48 [INFO] base.BaseTest - =========================================
2025-08-29 14:20:48 [INFO] base.BaseTest - ======== Test Execution Started =========
2025-08-29 14:20:48 [INFO] base.BaseTest - =========================================
2025-08-29 14:20:48 [INFO] base.BaseTest - Selected Browser: chrome
2025-08-29 14:20:56 [INFO] pages.LoginPage - Entered 'standard_user' into: UserName Field
2025-08-29 14:20:56 [INFO] pages.LoginPage - Entered 'secret_sauce' into: PasswordField
2025-08-29 14:20:57 [INFO] pages.LoginPage - Clicked on: Login Button
2025-08-29 14:21:02 [INFO] pages.LoginPage - Login submitted, navigating to Home Page.
2025-08-29 14:21:05 [INFO] pages.HomePage - Clicked on: Add Sauce Labs Backpack to cart
2025-08-29 14:21:05 [INFO] pages.HomePage - Clicked on: Cart Button
2025-08-29 14:21:06 [INFO] pages.CartPage - Cart Page opened successfully. Title: Your Cart
2025-08-29 14:21:06 [INFO] pages.CartPage - Clicked on: Checkout Button
2025-08-29 14:21:06 [INFO] pages.CartPage - Clicked Checkout button, navigating to CheckoutPage.
2025-08-29 14:21:06 [INFO] pages.CheckoutPage - Checkout Page opened successfully. Title: Checkout: Your Information
2025-08-29 14:21:06 [INFO] utils.TestListener - ===== STARTING TEST: testCheckoutProcess =====
2025-08-29 14:21:06 [INFO] pages.CheckoutPage - Entered 'John' into: First Name
2025-08-29 14:21:12 [INFO] pages.CheckoutPage - Entered 'Doe' into: Last Name
2025-08-29 14:21:12 [INFO] pages.CheckoutPage - Entered '12345' into: Postal Code
2025-08-29 14:21:12 [INFO] pages.CheckoutPage - Entered checkout info: John Doe | 12345
2025-08-29 14:21:12 [INFO] pages.CheckoutPage - Clicked on: Continue Button
2025-08-29 14:21:12 [INFO] pages.CheckoutPage - Clicked Continue button.
2025-08-29 14:21:12 [INFO] pages.CheckoutPage - ✅ Checkout Overview Page opened successfully.
2025-08-29 14:21:12 [INFO] utils.TestListener - ✅ TEST PASSED: testCheckoutProcess
2025-08-29 14:21:13 [INFO] pages.CheckoutPage - Clicked on: Click on Open Side Bar
2025-08-29 14:21:15 [INFO] pages.CheckoutPage - Clicked on: Click on All items button
2025-08-29 14:21:15 [INFO] pages.HomePage - ✅ Home Page is open. Title: Products
2025-08-29 14:21:15 [INFO] pages.HomePage - Clicked on: Cart Button
2025-08-29 14:21:15 [INFO] pages.CartPage - Clicked on: Checkout Button
2025-08-29 14:21:15 [INFO] pages.CartPage - Clicked Checkout button, navigating to CheckoutPage.
2025-08-29 14:21:15 [INFO] pages.CheckoutPage - Checkout Page opened successfully. Title: Checkout: Your Information
2025-08-29 14:21:15 [INFO] utils.TestListener - ===== STARTING TEST: testCheckoutProcess =====
2025-08-29 14:21:16 [INFO] pages.CheckoutPage - Entered '' into: First Name
2025-08-29 14:21:21 [INFO] pages.CheckoutPage - Entered 'Doe' into: Last Name
2025-08-29 14:21:21 [INFO] pages.CheckoutPage - Entered '12345' into: Postal Code
2025-08-29 14:21:21 [INFO] pages.CheckoutPage - Entered checkout info:  Doe | 12345
2025-08-29 14:21:21 [INFO] pages.CheckoutPage - Clicked on: Continue Button
2025-08-29 14:21:21 [INFO] pages.CheckoutPage - Clicked Continue button.
2025-08-29 14:21:31 [DEBUG] pages.CheckoutPage - Checkout Overview Page not open yet (might be error case).
2025-08-29 14:21:32 [WARN] pages.CheckoutPage - ⚠️ Checkout Error displayed: Error: First Name is required
2025-08-29 14:21:32 [WARN] pages.CheckoutPage - ⚠️ Checkout Error displayed: Error: First Name is required
2025-08-29 14:21:32 [INFO] utils.TestListener - ✅ TEST PASSED: testCheckoutProcess
2025-08-29 14:21:32 [INFO] pages.CheckoutPage - Clicked on: Click on Open Side Bar
2025-08-29 14:21:34 [INFO] pages.CheckoutPage - Clicked on: Click on All items button
2025-08-29 14:21:34 [INFO] pages.HomePage - ✅ Home Page is open. Title: Products
2025-08-29 14:21:34 [INFO] pages.HomePage - Clicked on: Cart Button
2025-08-29 14:21:35 [INFO] pages.CartPage - Clicked on: Checkout Button
2025-08-29 14:21:35 [INFO] pages.CartPage - Clicked Checkout button, navigating to CheckoutPage.
2025-08-29 14:21:35 [INFO] pages.CheckoutPage - Checkout Page opened successfully. Title: Checkout: Your Information
2025-08-29 14:21:35 [INFO] utils.TestListener - ===== STARTING TEST: testCheckoutProcess =====
2025-08-29 14:21:35 [INFO] pages.CheckoutPage - Entered 'John' into: First Name
2025-08-29 14:21:40 [INFO] pages.CheckoutPage - Entered 'Doe' into: Last Name
2025-08-29 14:21:40 [INFO] pages.CheckoutPage - Entered 'ABCD' into: Postal Code
2025-08-29 14:21:40 [INFO] pages.CheckoutPage - Entered checkout info: John Doe | ABCD
2025-08-29 14:21:41 [INFO] pages.CheckoutPage - Clicked on: Continue Button
2025-08-29 14:21:41 [INFO] pages.CheckoutPage - Clicked Continue button.
2025-08-29 14:21:41 [INFO] pages.CheckoutPage - ✅ Checkout Overview Page opened successfully.
2025-08-29 14:21:41 [ERROR] utils.TestListener - ❌ TEST FAILED: testCheckoutProcess
java.lang.AssertionError: ❌ Expected error but proceeded to Checkout Overview.
	at org.junit.Assert.fail(Assert.java:89)
	at org.junit.Assert.assertTrue(Assert.java:42)
	at org.junit.Assert.assertFalse(Assert.java:65)
	at tests.DemoPage.testCheckoutProcess(DemoPage.java:61)
	at java.base/jdk.internal.reflect.DirectMethodHandleAccessor.invoke(DirectMethodHandleAccessor.java:103)
	at java.base/java.lang.reflect.Method.invoke(Method.java:580)
	at org.testng.internal.invokers.MethodInvocationHelper.invokeMethod(MethodInvocationHelper.java:141)
	at org.testng.internal.invokers.TestInvoker.invokeMethod(TestInvoker.java:686)
	at org.testng.internal.invokers.TestInvoker.invokeTestMethod(TestInvoker.java:230)
	at org.testng.internal.invokers.MethodRunner.runInSequence(MethodRunner.java:63)
	at org.testng.internal.invokers.TestInvoker$MethodInvocationAgent.invoke(TestInvoker.java:992)
	at org.testng.internal.invokers.TestInvoker.invokeTestMethods(TestInvoker.java:203)
	at org.testng.internal.invokers.TestMethodWorker.invokeTestMethods(TestMethodWorker.java:154)
	at org.testng.internal.invokers.TestMethodWorker.run(TestMethodWorker.java:134)
	at java.base/java.util.ArrayList.forEach(ArrayList.java:1596)
	at org.testng.TestRunner.privateRun(TestRunner.java:739)
	at org.testng.TestRunner.run(TestRunner.java:614)
	at org.testng.SuiteRunner.runTest(SuiteRunner.java:421)
	at org.testng.SuiteRunner.runSequentially(SuiteRunner.java:413)
	at org.testng.SuiteRunner.privateRun(SuiteRunner.java:373)
	at org.testng.SuiteRunner.run(SuiteRunner.java:312)
	at org.testng.SuiteRunnerWorker.runSuite(SuiteRunnerWorker.java:52)
	at org.testng.SuiteRunnerWorker.run(SuiteRunnerWorker.java:95)
	at org.testng.TestNG.runSuitesSequentially(TestNG.java:1274)
	at org.testng.TestNG.runSuitesLocally(TestNG.java:1208)
	at org.testng.TestNG.runSuites(TestNG.java:1112)
	at org.testng.TestNG.run(TestNG.java:1079)
	at org.testng.remote.AbstractRemoteTestNG.run(AbstractRemoteTestNG.java:115)
	at org.testng.remote.RemoteTestNG.initAndRun(RemoteTestNG.java:293)
	at org.testng.remote.RemoteTestNG.main(RemoteTestNG.java:91)
2025-08-29 14:21:41 [INFO] pages.CheckoutPage - Clicked on: Click on Open Side Bar
2025-08-29 14:21:43 [INFO] pages.CheckoutPage - Clicked on: Click on All items button
2025-08-29 14:21:43 [INFO] pages.HomePage - ✅ Home Page is open. Title: Products
2025-08-29 14:21:43 [INFO] pages.HomePage - Clicked on: Cart Button
2025-08-29 14:21:43 [INFO] pages.CartPage - Clicked on: Checkout Button
2025-08-29 14:21:43 [INFO] pages.CartPage - Clicked Checkout button, navigating to CheckoutPage.
2025-08-29 14:21:44 [INFO] pages.CheckoutPage - Checkout Page opened successfully. Title: Checkout: Your Information
2025-08-29 14:21:44 [ERROR] base.BaseTest - ❌ Test Failed: testCheckoutProcess
2025-08-29 14:21:44 [INFO] utils.TestListener - ===== STARTING TEST: testCheckoutProcess =====
2025-08-29 14:21:44 [INFO] pages.CheckoutPage - Entered 'John' into: First Name
2025-08-29 14:21:49 [INFO] pages.CheckoutPage - Entered '' into: Last Name
2025-08-29 14:21:50 [INFO] pages.CheckoutPage - Entered '12345' into: Postal Code
2025-08-29 14:21:50 [INFO] pages.CheckoutPage - Entered checkout info: John  | 12345
2025-08-29 14:21:50 [INFO] pages.CheckoutPage - Clicked on: Continue Button
2025-08-29 14:21:50 [INFO] pages.CheckoutPage - Clicked Continue button.
2025-08-29 14:22:00 [DEBUG] pages.CheckoutPage - Checkout Overview Page not open yet (might be error case).
2025-08-29 14:22:00 [WARN] pages.CheckoutPage - ⚠️ Checkout Error displayed: Error: Last Name is required
2025-08-29 14:22:00 [WARN] pages.CheckoutPage - ⚠️ Checkout Error displayed: Error: Last Name is required
2025-08-29 14:22:00 [INFO] utils.TestListener - ✅ TEST PASSED: testCheckoutProcess
2025-08-29 14:22:00 [INFO] pages.CheckoutPage - Clicked on: Click on Open Side Bar
2025-08-29 14:22:02 [INFO] pages.CheckoutPage - Clicked on: Click on All items button
2025-08-29 14:22:02 [INFO] pages.HomePage - ✅ Home Page is open. Title: Products
2025-08-29 14:22:03 [INFO] pages.HomePage - Clicked on: Cart Button
2025-08-29 14:22:03 [INFO] pages.CartPage - Clicked on: Checkout Button
2025-08-29 14:22:03 [INFO] pages.CartPage - Clicked Checkout button, navigating to CheckoutPage.
2025-08-29 14:22:03 [INFO] pages.CheckoutPage - Checkout Page opened successfully. Title: Checkout: Your Information
2025-08-29 14:22:03 [INFO] utils.TestListener - ===== STARTING TEST: testCheckoutProcess =====
2025-08-29 14:22:03 [INFO] pages.CheckoutPage - Entered 'John' into: First Name
2025-08-29 14:22:08 [INFO] pages.CheckoutPage - Entered 'Doe' into: Last Name
2025-08-29 14:22:08 [INFO] pages.CheckoutPage - Entered '' into: Postal Code
2025-08-29 14:22:08 [INFO] pages.CheckoutPage - Entered checkout info: John Doe | 
2025-08-29 14:22:09 [INFO] pages.CheckoutPage - Clicked on: Continue Button
2025-08-29 14:22:09 [INFO] pages.CheckoutPage - Clicked Continue button.
2025-08-29 14:22:19 [DEBUG] pages.CheckoutPage - Checkout Overview Page not open yet (might be error case).
2025-08-29 14:22:19 [WARN] pages.CheckoutPage - ⚠️ Checkout Error displayed: Error: Postal Code is required
2025-08-29 14:22:19 [WARN] pages.CheckoutPage - ⚠️ Checkout Error displayed: Error: Postal Code is required
2025-08-29 14:22:19 [INFO] utils.TestListener - ✅ TEST PASSED: testCheckoutProcess
2025-08-29 14:22:19 [INFO] pages.CheckoutPage - Clicked on: Click on Open Side Bar
2025-08-29 14:22:21 [INFO] pages.CheckoutPage - Clicked on: Click on All items button
2025-08-29 14:22:21 [INFO] pages.HomePage - ✅ Home Page is open. Title: Products
2025-08-29 14:22:21 [INFO] pages.HomePage - Clicked on: Cart Button
2025-08-29 14:22:22 [INFO] pages.CartPage - Clicked on: Checkout Button
2025-08-29 14:22:22 [INFO] pages.CartPage - Clicked Checkout button, navigating to CheckoutPage.
2025-08-29 14:22:22 [INFO] pages.CheckoutPage - Checkout Page opened successfully. Title: Checkout: Your Information
2025-08-29 14:22:22 [INFO] utils.TestListener - ===== STARTING TEST: testCheckoutProcess =====
2025-08-29 14:22:22 [INFO] pages.CheckoutPage - Entered '' into: First Name
2025-08-29 14:22:27 [INFO] pages.CheckoutPage - Entered '' into: Last Name
2025-08-29 14:22:27 [INFO] pages.CheckoutPage - Entered '' into: Postal Code
2025-08-29 14:22:27 [INFO] pages.CheckoutPage - Entered checkout info:   | 
2025-08-29 14:22:27 [INFO] pages.CheckoutPage - Clicked on: Continue Button
2025-08-29 14:22:27 [INFO] pages.CheckoutPage - Clicked Continue button.
2025-08-29 14:22:37 [DEBUG] pages.CheckoutPage - Checkout Overview Page not open yet (might be error case).
2025-08-29 14:22:38 [WARN] pages.CheckoutPage - ⚠️ Checkout Error displayed: Error: First Name is required
2025-08-29 14:22:38 [WARN] pages.CheckoutPage - ⚠️ Checkout Error displayed: Error: First Name is required
2025-08-29 14:22:38 [INFO] utils.TestListener - ✅ TEST PASSED: testCheckoutProcess
2025-08-29 14:22:38 [INFO] pages.CheckoutPage - Clicked on: Click on Open Side Bar
2025-08-29 14:22:40 [INFO] pages.CheckoutPage - Clicked on: Click on All items button
2025-08-29 14:22:40 [INFO] pages.HomePage - ✅ Home Page is open. Title: Products
2025-08-29 14:22:40 [INFO] pages.HomePage - Clicked on: Cart Button
2025-08-29 14:22:40 [INFO] pages.CartPage - Clicked on: Checkout Button
2025-08-29 14:22:40 [INFO] pages.CartPage - Clicked Checkout button, navigating to CheckoutPage.
2025-08-29 14:22:40 [INFO] pages.CheckoutPage - Checkout Page opened successfully. Title: Checkout: Your Information
2025-08-29 14:22:41 [INFO] base.BaseTest - Browser closed.
2025-08-29 14:22:41 [INFO] base.BaseTest - ===== Test Execution Finished =====
2025-08-29 14:22:41 [INFO] utils.TestListener - ===== FINISHED TEST SUITE: Login Tests =====
