2025-08-30 12:20:46 [INFO] base.BaseTest - =========================================
2025-08-30 12:20:46 [INFO] base.BaseTest - ======== Test Execution Started =========
2025-08-30 12:20:46 [INFO] base.BaseTest - =========================================
2025-08-30 12:20:46 [INFO] base.BaseTest - Selected Browser: chrome
2025-08-30 12:21:20 [INFO] pages.LoginPage - Entered 'standard_user' into: UserName Field
2025-08-30 12:21:20 [INFO] pages.LoginPage - Entered 'secret_sauce' into: PasswordField
2025-08-30 12:21:21 [INFO] pages.LoginPage - Clicked on: Login Button
2025-08-30 12:21:26 [INFO] pages.LoginPage - Login submitted, navigating to Home Page.
2025-08-30 12:21:30 [INFO] pages.HomePage - Clicked on: Add Sauce Labs Backpack to cart
2025-08-30 12:21:30 [INFO] pages.HomePage - Clicked on: Cart Button
2025-08-30 12:21:31 [INFO] pages.CartPage - Cart Page opened successfully. Title: Your Cart
2025-08-30 12:21:33 [INFO] pages.CartPage - Clicked on: Checkout Button
2025-08-30 12:21:33 [INFO] pages.CartPage - Clicked Checkout button, navigating to CheckoutPage.
2025-08-30 12:21:36 [INFO] pages.CheckoutPage - Checkout Page opened successfully. Title: Checkout: Your Information
2025-08-30 12:21:36 [INFO] utils.TestListener - ===== STARTING TEST: testCheckoutProcess =====
2025-08-30 12:21:37 [INFO] pages.CheckoutPage - Entered 'John' into: First Name
2025-08-30 12:21:42 [INFO] pages.CheckoutPage - Entered 'Doe' into: Last Name
2025-08-30 12:21:43 [INFO] pages.CheckoutPage - Entered '12345' into: Postal Code
2025-08-30 12:21:43 [INFO] pages.CheckoutPage - Entered checkout info: John Doe | 12345
2025-08-30 12:21:43 [INFO] pages.CheckoutPage - Clicked on: Continue Button
2025-08-30 12:21:43 [INFO] pages.CheckoutPage - Clicked Continue button.
2025-08-30 12:21:43 [INFO] pages.CheckoutPage - ✅ Checkout Overview Page opened successfully.
2025-08-30 12:21:43 [INFO] utils.TestListener - ✅ TEST PASSED: testCheckoutProcess
2025-08-30 12:21:43 [INFO] pages.CheckoutPage - Clicked on: Click on Open Side Bar
2025-08-30 12:21:45 [ERROR] pages.CheckoutPage - Failed to click on: Click on All items button
org.openqa.selenium.ElementNotInteractableException: element not interactable
  (Session info: chrome=139.0.7258.155)
Build info: version: '4.35.0', revision: '1c58e5028b'
System info: os.name: 'Windows 11', os.arch: 'amd64', os.version: '10.0', java.version: '21.0.8'
Driver info: org.openqa.selenium.chrome.ChromeDriver
Command: [424438b3b5023d2d241da4f733e6d0fd, clickElement {id=f.4AC459F3587BF5C0F3BC905F388F97D5.d.4367FC46CCAAADC6ECE7E36ABD2E9987.e.45}]
Capabilities {acceptInsecureCerts: false, browserName: chrome, browserVersion: 139.0.7258.155, chrome: {chromedriverVersion: 139.0.7258.154 (9e0d6b2b47f..., userDataDir: C:\WINDOWS\SystemTemp\scope...}, fedcm:accounts: true, goog:chromeOptions: {debuggerAddress: localhost:55323}, networkConnectionEnabled: false, pageLoadStrategy: normal, platformName: windows, proxy: Proxy(), se:cdp: ws://localhost:55323/devtoo..., se:cdpVersion: 139.0.7258.155, setWindowRect: true, strictFileInteractability: false, timeouts: {implicit: 0, pageLoad: 300000, script: 30000}, unhandledPromptBehavior: dismiss and notify, webauthn:extension:credBlob: true, webauthn:extension:largeBlob: true, webauthn:extension:minPinLength: true, webauthn:extension:prf: true, webauthn:virtualAuthenticators: true}
Element: [[ChromeDriver: chrome on windows (424438b3b5023d2d241da4f733e6d0fd)] -> xpath: //a[text()='All Items']]
Session ID: 424438b3b5023d2d241da4f733e6d0fd
	at java.base/jdk.internal.reflect.DirectConstructorHandleAccessor.newInstance(DirectConstructorHandleAccessor.java:62)
	at java.base/java.lang.reflect.Constructor.newInstanceWithCaller(Constructor.java:502)
	at java.base/java.lang.reflect.Constructor.newInstance(Constructor.java:486)
	at org.openqa.selenium.remote.ErrorCodec.decode(ErrorCodec.java:167)
	at org.openqa.selenium.remote.codec.w3c.W3CHttpResponseCodec.decode(W3CHttpResponseCodec.java:138)
	at org.openqa.selenium.remote.codec.w3c.W3CHttpResponseCodec.decode(W3CHttpResponseCodec.java:50)
	at org.openqa.selenium.remote.HttpCommandExecutor.execute(HttpCommandExecutor.java:215)
	at org.openqa.selenium.remote.service.DriverCommandExecutor.invokeExecute(DriverCommandExecutor.java:216)
	at org.openqa.selenium.remote.service.DriverCommandExecutor.execute(DriverCommandExecutor.java:174)
	at org.openqa.selenium.remote.RemoteWebDriver.execute(RemoteWebDriver.java:557)
	at org.openqa.selenium.remote.RemoteWebElement.execute(RemoteWebElement.java:223)
	at org.openqa.selenium.remote.RemoteWebElement.click(RemoteWebElement.java:76)
	at java.base/jdk.internal.reflect.DirectMethodHandleAccessor.invoke(DirectMethodHandleAccessor.java:103)
	at java.base/java.lang.reflect.Method.invoke(Method.java:580)
	at org.openqa.selenium.support.pagefactory.internal.LocatingElementHandler.invoke(LocatingElementHandler.java:51)
	at jdk.proxy2/jdk.proxy2.$Proxy13.click(Unknown Source)
	at base.BasePage.click(BasePage.java:67)
	at base.BasePage.openHomePage(BasePage.java:94)
	at tests.CheckoutPage.Test_verifyForm.afterMethod(Test_verifyForm.java:41)
	at java.base/jdk.internal.reflect.DirectMethodHandleAccessor.invoke(DirectMethodHandleAccessor.java:103)
	at java.base/java.lang.reflect.Method.invoke(Method.java:580)
	at org.testng.internal.invokers.MethodInvocationHelper.invokeMethod(MethodInvocationHelper.java:141)
	at org.testng.internal.invokers.MethodInvocationHelper.invokeMethodConsideringTimeout(MethodInvocationHelper.java:71)
	at org.testng.internal.invokers.ConfigInvoker.invokeConfigurationMethod(ConfigInvoker.java:400)
	at org.testng.internal.invokers.ConfigInvoker.invokeConfigurations(ConfigInvoker.java:333)
	at org.testng.internal.invokers.TestInvoker.runConfigMethods(TestInvoker.java:833)
	at org.testng.internal.invokers.TestInvoker.runAfterConfigurations(TestInvoker.java:802)
	at org.testng.internal.invokers.TestInvoker.invokeMethod(TestInvoker.java:778)
	at org.testng.internal.invokers.TestInvoker.invokeTestMethod(TestInvoker.java:230)
	at org.testng.internal.invokers.MethodRunner.runInSequence(MethodRunner.java:63)
	at org.testng.internal.invokers.TestInvoker$MethodInvocationAgent.invoke(TestInvoker.java:992)
	at org.testng.internal.invokers.TestInvoker.invokeTestMethods(TestInvoker.java:203)
	at org.testng.internal.invokers.TestMethodWorker.invokeTestMethods(TestMethodWorker.java:154)
	at org.testng.internal.invokers.TestMethodWorker.run(TestMethodWorker.java:134)
	at java.base/java.util.ArrayList.forEach(ArrayList.java:1596)
	at org.testng.TestRunner.privateRun(TestRunner.java:739)
	at org.testng.TestRunner.run(TestRunner.java:614)
	at org.testng.SuiteRunner.runTest(SuiteRunner.java:421)
	at org.testng.SuiteRunner.runSequentially(SuiteRunner.java:413)
	at org.testng.SuiteRunner.privateRun(SuiteRunner.java:373)
	at org.testng.SuiteRunner.run(SuiteRunner.java:312)
	at org.testng.SuiteRunnerWorker.runSuite(SuiteRunnerWorker.java:52)
	at org.testng.SuiteRunnerWorker.run(SuiteRunnerWorker.java:95)
	at org.testng.TestNG.runSuitesSequentially(TestNG.java:1274)
	at org.testng.TestNG.runSuitesLocally(TestNG.java:1208)
	at org.testng.TestNG.runSuites(TestNG.java:1112)
	at org.testng.TestNG.run(TestNG.java:1079)
	at org.apache.maven.surefire.testng.TestNGExecutor.run(TestNGExecutor.java:308)
	at org.apache.maven.surefire.testng.TestNGXmlTestSuite.execute(TestNGXmlTestSuite.java:71)
	at org.apache.maven.surefire.testng.TestNGProvider.invoke(TestNGProvider.java:113)
	at org.apache.maven.surefire.booter.ForkedBooter.runSuitesInProcess(ForkedBooter.java:385)
	at org.apache.maven.surefire.booter.ForkedBooter.execute(ForkedBooter.java:162)
	at org.apache.maven.surefire.booter.ForkedBooter.run(ForkedBooter.java:507)
	at org.apache.maven.surefire.booter.ForkedBooter.main(ForkedBooter.java:495)
2025-08-30 12:21:46 [INFO] utils.TestListener - ===== STARTING TEST: testCheckoutProcess =====
2025-08-30 12:21:46 [WARN] utils.TestListener - ⚠️ TEST SKIPPED: testCheckoutProcess
2025-08-30 12:21:46 [INFO] utils.TestListener - ===== STARTING TEST: testCheckoutProcess =====
2025-08-30 12:21:46 [WARN] utils.TestListener - ⚠️ TEST SKIPPED: testCheckoutProcess
2025-08-30 12:21:46 [INFO] utils.TestListener - ===== STARTING TEST: testCheckoutProcess =====
2025-08-30 12:21:46 [WARN] utils.TestListener - ⚠️ TEST SKIPPED: testCheckoutProcess
2025-08-30 12:21:46 [INFO] utils.TestListener - ===== STARTING TEST: testCheckoutProcess =====
2025-08-30 12:21:46 [WARN] utils.TestListener - ⚠️ TEST SKIPPED: testCheckoutProcess
2025-08-30 12:21:46 [INFO] utils.TestListener - ===== STARTING TEST: testCheckoutProcess =====
2025-08-30 12:21:46 [WARN] utils.TestListener - ⚠️ TEST SKIPPED: testCheckoutProcess
