2025-08-29 14:43:21 [INFO] base.BaseTest - =========================================
2025-08-29 14:43:21 [INFO] base.BaseTest - ======== Test Execution Started =========
2025-08-29 14:43:21 [INFO] base.BaseTest - =========================================
2025-08-29 14:43:21 [INFO] base.BaseTest - Selected Browser: chrome
2025-08-29 14:43:36 [INFO] pages.LoginPage - Entered 'standard_user' into: UserName Field
2025-08-29 14:43:37 [INFO] pages.LoginPage - Entered 'secret_sauce' into: PasswordField
2025-08-29 14:43:38 [INFO] pages.LoginPage - Clicked on: Login Button
2025-08-29 14:43:44 [INFO] pages.LoginPage - Login submitted, navigating to Home Page.
2025-08-29 14:43:49 [INFO] pages.HomePage - Clicked on: Add Sauce Labs Backpack to cart
2025-08-29 14:43:51 [INFO] pages.HomePage - Clicked on: Cart Button
2025-08-29 14:43:52 [INFO] pages.CartPage - Cart Page opened successfully. Title: Your Cart
2025-08-29 14:43:53 [INFO] pages.CartPage - Clicked on: Checkout Button
2025-08-29 14:43:53 [INFO] pages.CartPage - Clicked Checkout button, navigating to CheckoutPage.
2025-08-29 14:43:53 [INFO] pages.CheckoutPage - Checkout Page opened successfully. Title: Checkout: Your Information
2025-08-29 14:43:54 [INFO] pages.CheckoutPage - Entered 'Rakshit' into: First Name
2025-08-29 14:43:59 [INFO] pages.CheckoutPage - Entered 'Bhadoria' into: Last Name
2025-08-29 14:44:00 [INFO] pages.CheckoutPage - Entered '123456' into: Postal Code
2025-08-29 14:44:00 [INFO] pages.CheckoutPage - Entered checkout info: Rakshit Bhadoria | 123456
2025-08-29 14:44:00 [INFO] pages.CheckoutPage - Clicked on: Continue Button
2025-08-29 14:44:00 [INFO] pages.CheckoutPage - Clicked Continue button.
2025-08-29 14:44:00 [INFO] pages.CheckoutPage - ✅ Checkout Overview Page opened successfully.
2025-08-29 14:44:00 [INFO] utils.TestListener - ===== STARTING TEST: testCheckoutProcess =====
2025-08-29 14:44:00 [INFO] pages.CheckoutPage - Clicked on: Finish Button
2025-08-29 14:44:00 [INFO] pages.CheckoutPage - ✅ Clicked Finish button.
2025-08-29 14:44:01 [ERROR] utils.TestListener - ❌ TEST FAILED: testCheckoutProcess
org.openqa.selenium.InvalidSelectorException: invalid selector: Unable to locate an element with the xpath expression //span[@class='title' and contains(text(),'Checkout: Complete)] because of the following error:
SyntaxError: Failed to execute 'evaluate' on 'Document': The string '//span[@class='title' and contains(text(),'Checkout: Complete)]' is not a valid XPath expression.
  (Session info: chrome=139.0.7258.139)
For documentation on this error, please visit: https://www.selenium.dev/documentation/webdriver/troubleshooting/errors#invalid-selector-exception
Build info: version: '4.35.0', revision: '1c58e5028b'
System info: os.name: 'Windows 11', os.arch: 'amd64', os.version: '10.0', java.version: '21.0.8'
Driver info: org.openqa.selenium.chrome.ChromeDriver
Command: [32cd4ae0f14f79d35053456bd3a45731, findElement {using=xpath, value=//span[@class='title' and contains(text(),'Checkout: Complete)]}]
Capabilities {acceptInsecureCerts: false, browserName: chrome, browserVersion: 139.0.7258.139, chrome: {chromedriverVersion: 139.0.7258.154 (9e0d6b2b47f..., userDataDir: C:\Users\raksh\AppData\Loca...}, fedcm:accounts: true, goog:chromeOptions: {debuggerAddress: localhost:55832}, networkConnectionEnabled: false, pageLoadStrategy: normal, platformName: windows, proxy: Proxy(), se:cdp: ws://localhost:55832/devtoo..., se:cdpVersion: 139.0.7258.139, setWindowRect: true, strictFileInteractability: false, timeouts: {implicit: 0, pageLoad: 300000, script: 30000}, unhandledPromptBehavior: dismiss and notify, webauthn:extension:credBlob: true, webauthn:extension:largeBlob: true, webauthn:extension:minPinLength: true, webauthn:extension:prf: true, webauthn:virtualAuthenticators: true}
Session ID: 32cd4ae0f14f79d35053456bd3a45731
	at java.base/jdk.internal.reflect.DirectConstructorHandleAccessor.newInstance(DirectConstructorHandleAccessor.java:62)
	at java.base/java.lang.reflect.Constructor.newInstanceWithCaller(Constructor.java:502)
	at java.base/java.lang.reflect.Constructor.newInstance(Constructor.java:486)
	at org.openqa.selenium.remote.ErrorCodec.decode(ErrorCodec.java:167)
	at org.openqa.selenium.remote.codec.w3c.W3CHttpResponseCodec.decode(W3CHttpResponseCodec.java:138)
	at org.openqa.selenium.remote.codec.w3c.W3CHttpResponseCodec.decode(W3CHttpResponseCodec.java:50)
	at org.openqa.selenium.remote.HttpCommandExecutor.execute(HttpCommandExecutor.java:215)
	at org.openqa.selenium.remote.service.DriverCommandExecutor.invokeExecute(DriverCommandExecutor.java:216)
	at org.openqa.selenium.remote.service.DriverCommandExecutor.execute(DriverCommandExecutor.java:174)
	at org.openqa.selenium.remote.RemoteWebDriver.execute(RemoteWebDriver.java:557)
	at org.openqa.selenium.remote.ElementLocation$ElementFinder$2.findElement(ElementLocation.java:165)
	at org.openqa.selenium.remote.ElementLocation.findElement(ElementLocation.java:59)
	at org.openqa.selenium.remote.RemoteWebDriver.findElement(RemoteWebDriver.java:380)
	at org.openqa.selenium.remote.RemoteWebDriver.findElement(RemoteWebDriver.java:374)
	at org.openqa.selenium.support.pagefactory.DefaultElementLocator.findElement(DefaultElementLocator.java:68)
	at org.openqa.selenium.support.pagefactory.internal.LocatingElementHandler.invoke(LocatingElementHandler.java:38)
	at jdk.proxy2/jdk.proxy2.$Proxy16.isDisplayed(Unknown Source)
	at pages.ConfirmationPage.isOrderConfirmed(ConfirmationPage.java:26)
	at tests.DemoPage.testCheckoutProcess(DemoPage.java:50)
	at java.base/jdk.internal.reflect.DirectMethodHandleAccessor.invoke(DirectMethodHandleAccessor.java:103)
	at java.base/java.lang.reflect.Method.invoke(Method.java:580)
	at org.testng.internal.invokers.MethodInvocationHelper.invokeMethod(MethodInvocationHelper.java:141)
	at org.testng.internal.invokers.TestInvoker.invokeMethod(TestInvoker.java:686)
	at org.testng.internal.invokers.TestInvoker.invokeTestMethod(TestInvoker.java:230)
	at org.testng.internal.invokers.MethodRunner.runInSequence(MethodRunner.java:63)
	at org.testng.internal.invokers.TestInvoker$MethodInvocationAgent.invoke(TestInvoker.java:992)
	at org.testng.internal.invokers.TestInvoker.invokeTestMethods(TestInvoker.java:203)
	at org.testng.internal.invokers.TestMethodWorker.invokeTestMethods(TestMethodWorker.java:154)
	at org.testng.internal.invokers.TestMethodWorker.run(TestMethodWorker.java:134)
	at java.base/java.util.ArrayList.forEach(ArrayList.java:1596)
	at org.testng.TestRunner.privateRun(TestRunner.java:739)
	at org.testng.TestRunner.run(TestRunner.java:614)
	at org.testng.SuiteRunner.runTest(SuiteRunner.java:421)
	at org.testng.SuiteRunner.runSequentially(SuiteRunner.java:413)
	at org.testng.SuiteRunner.privateRun(SuiteRunner.java:373)
	at org.testng.SuiteRunner.run(SuiteRunner.java:312)
	at org.testng.SuiteRunnerWorker.runSuite(SuiteRunnerWorker.java:52)
	at org.testng.SuiteRunnerWorker.run(SuiteRunnerWorker.java:95)
	at org.testng.TestNG.runSuitesSequentially(TestNG.java:1274)
	at org.testng.TestNG.runSuitesLocally(TestNG.java:1208)
	at org.testng.TestNG.runSuites(TestNG.java:1112)
	at org.testng.TestNG.run(TestNG.java:1079)
	at org.testng.remote.AbstractRemoteTestNG.run(AbstractRemoteTestNG.java:115)
	at org.testng.remote.RemoteTestNG.initAndRun(RemoteTestNG.java:293)
	at org.testng.remote.RemoteTestNG.main(RemoteTestNG.java:91)
2025-08-29 14:44:01 [ERROR] base.BaseTest - ❌ Test Failed: testCheckoutProcess
2025-08-29 14:44:02 [INFO] base.BaseTest - Browser closed.
2025-08-29 14:44:02 [INFO] base.BaseTest - ===== Test Execution Finished =====
2025-08-29 14:44:02 [INFO] utils.TestListener - ===== FINISHED TEST SUITE: Login Tests =====
