2025-09-06 17:01:01 [INFO] stepDefinitions.Hooks - ===============================================
2025-09-06 17:01:01 [INFO] stepDefinitions.Hooks - Starting Scenario: Open Cart Page
2025-09-06 17:01:01 [INFO] stepDefinitions.Hooks - ===============================================
2025-09-06 17:01:02 [INFO] io.github.bonigarcia.wdm.WebDriverManager - Using chromedriver 139.0.7258.154 (resolved driver for Chrome 139)
2025-09-06 17:01:02 [INFO] io.github.bonigarcia.wdm.WebDriverManager - Exporting webdriver.chrome.driver as C:\Users\raksh\.cache\selenium\chromedriver\win64\139.0.7258.154\chromedriver.exe
2025-09-06 17:01:07 [INFO] pages.LoginPage - Entered 'standard_user' into: UserName Field
2025-09-06 17:01:07 [INFO] pages.LoginPage - Entered 'secret_sauce' into: Password Field
2025-09-06 17:01:08 [INFO] pages.LoginPage - Clicked on: Login Button
2025-09-06 17:01:08 [INFO] pages.LoginPage - Login submitted.
2025-09-06 17:01:08 [INFO] pages.HomePage - ✅ Home Page loaded successfully. Title: Products
2025-09-06 17:01:08 [INFO] pages.HomePage - Clicked on: Cart Button
2025-09-06 17:01:08 [INFO] pages.CartPage - ✅ Cart Page opened successfully.
2025-09-06 17:01:09 [INFO] stepDefinitions.Hooks - ✅ Scenario Passed: Open Cart Page
2025-09-06 17:01:09 [INFO] stepDefinitions.Hooks - Scenario Status (after execution): PASSED
2025-09-06 17:01:09 [INFO] stepDefinitions.Hooks - ===============================================

2025-09-06 17:01:09 [INFO] stepDefinitions.Hooks - ===============================================
2025-09-06 17:01:09 [INFO] stepDefinitions.Hooks - Starting Scenario: Verify Cart is empty initially
2025-09-06 17:01:09 [INFO] stepDefinitions.Hooks - ===============================================
2025-09-06 17:01:09 [INFO] io.github.bonigarcia.wdm.WebDriverManager - Using chromedriver 139.0.7258.154 (resolved driver for Chrome 139)
2025-09-06 17:01:09 [INFO] io.github.bonigarcia.wdm.WebDriverManager - Exporting webdriver.chrome.driver as C:\Users\raksh\.cache\selenium\chromedriver\win64\139.0.7258.154\chromedriver.exe
2025-09-06 17:01:13 [INFO] pages.LoginPage - Entered 'standard_user' into: UserName Field
2025-09-06 17:01:13 [INFO] pages.LoginPage - Entered 'secret_sauce' into: Password Field
2025-09-06 17:01:14 [INFO] pages.LoginPage - Clicked on: Login Button
2025-09-06 17:01:14 [INFO] pages.LoginPage - Login submitted.
2025-09-06 17:01:14 [INFO] pages.HomePage - ✅ Home Page loaded successfully. Title: Products
2025-09-06 17:01:14 [INFO] pages.HomePage - Clicked on: Cart Button
2025-09-06 17:01:14 [INFO] pages.CartPage - Cart contains 0 product(s).
2025-09-06 17:01:15 [INFO] stepDefinitions.Hooks - ✅ Scenario Passed: Verify Cart is empty initially
2025-09-06 17:01:15 [INFO] stepDefinitions.Hooks - Scenario Status (after execution): PASSED
2025-09-06 17:01:15 [INFO] stepDefinitions.Hooks - ===============================================

2025-09-06 17:01:15 [INFO] stepDefinitions.Hooks - ===============================================
2025-09-06 17:01:15 [INFO] stepDefinitions.Hooks - Starting Scenario: Add products and verify in cart
2025-09-06 17:01:15 [INFO] stepDefinitions.Hooks - ===============================================
2025-09-06 17:01:15 [INFO] io.github.bonigarcia.wdm.WebDriverManager - Using chromedriver 139.0.7258.154 (resolved driver for Chrome 139)
2025-09-06 17:01:15 [INFO] io.github.bonigarcia.wdm.WebDriverManager - Exporting webdriver.chrome.driver as C:\Users\raksh\.cache\selenium\chromedriver\win64\139.0.7258.154\chromedriver.exe
2025-09-06 17:01:19 [INFO] pages.LoginPage - Entered 'standard_user' into: UserName Field
2025-09-06 17:01:20 [INFO] pages.LoginPage - Entered 'secret_sauce' into: Password Field
2025-09-06 17:01:20 [INFO] pages.LoginPage - Clicked on: Login Button
2025-09-06 17:01:20 [INFO] pages.LoginPage - Login submitted.
2025-09-06 17:01:20 [INFO] pages.HomePage - ✅ Home Page loaded successfully. Title: Products
2025-09-06 17:01:20 [INFO] pages.HomePage - Clicked on: Add product: Sauce Labs Backpack
2025-09-06 17:01:20 [INFO] pages.HomePage - ✅ Added product: Sauce Labs Backpack
2025-09-06 17:01:20 [INFO] pages.HomePage - Clicked on: Add product: Sauce Labs Bolt T-Shirt
2025-09-06 17:01:20 [INFO] pages.HomePage - ✅ Added product: Sauce Labs Bolt T-Shirt
2025-09-06 17:01:20 [INFO] pages.HomePage - Clicked on: Cart Button
2025-09-06 17:01:21 [INFO] stepDefinitions.Hooks - ✅ Scenario Passed: Add products and verify in cart
2025-09-06 17:01:21 [INFO] stepDefinitions.Hooks - Scenario Status (after execution): PASSED
2025-09-06 17:01:21 [INFO] stepDefinitions.Hooks - ===============================================

2025-09-06 17:01:21 [INFO] stepDefinitions.Hooks - ===============================================
2025-09-06 17:01:21 [INFO] stepDefinitions.Hooks - Starting Scenario: Remove product from cart
2025-09-06 17:01:21 [INFO] stepDefinitions.Hooks - ===============================================
2025-09-06 17:01:21 [INFO] io.github.bonigarcia.wdm.WebDriverManager - Using chromedriver 139.0.7258.154 (resolved driver for Chrome 139)
2025-09-06 17:01:21 [INFO] io.github.bonigarcia.wdm.WebDriverManager - Exporting webdriver.chrome.driver as C:\Users\raksh\.cache\selenium\chromedriver\win64\139.0.7258.154\chromedriver.exe
2025-09-06 17:01:24 [INFO] pages.LoginPage - Entered 'standard_user' into: UserName Field
2025-09-06 17:01:25 [INFO] pages.LoginPage - Entered 'secret_sauce' into: Password Field
2025-09-06 17:01:25 [INFO] pages.LoginPage - Clicked on: Login Button
2025-09-06 17:01:25 [INFO] pages.LoginPage - Login submitted.
2025-09-06 17:01:25 [INFO] pages.HomePage - ✅ Home Page loaded successfully. Title: Products
2025-09-06 17:01:25 [INFO] pages.HomePage - Clicked on: Add product: Sauce Labs Backpack
2025-09-06 17:01:25 [INFO] pages.HomePage - ✅ Added product: Sauce Labs Backpack
2025-09-06 17:01:25 [INFO] pages.HomePage - Clicked on: Add product: Sauce Labs Bolt T-Shirt
2025-09-06 17:01:25 [INFO] pages.HomePage - ✅ Added product: Sauce Labs Bolt T-Shirt
2025-09-06 17:01:25 [INFO] pages.HomePage - Clicked on: Cart Button
2025-09-06 17:01:26 [INFO] pages.CartPage - Clicked on: Remove Sauce Labs Bolt T-Shirt from cart
2025-09-06 17:01:26 [INFO] pages.CartPage - ✅ Removed product from cart: Sauce Labs Bolt T-Shirt
2025-09-06 17:01:26 [INFO] pages.CartPage - Product 'Sauce Labs Bolt T-Shirt' presence in cart: false
2025-09-06 17:01:26 [INFO] stepDefinitions.Hooks - ✅ Scenario Passed: Remove product from cart
2025-09-06 17:01:26 [INFO] stepDefinitions.Hooks - Scenario Status (after execution): PASSED
2025-09-06 17:01:26 [INFO] stepDefinitions.Hooks - ===============================================

2025-09-06 17:01:26 [INFO] stepDefinitions.Hooks - ===============================================
2025-09-06 17:01:26 [INFO] stepDefinitions.Hooks - Starting Scenario: Continue shopping from cart page
2025-09-06 17:01:26 [INFO] stepDefinitions.Hooks - ===============================================
2025-09-06 17:01:26 [INFO] io.github.bonigarcia.wdm.WebDriverManager - Using chromedriver 139.0.7258.154 (resolved driver for Chrome 139)
2025-09-06 17:01:26 [INFO] io.github.bonigarcia.wdm.WebDriverManager - Exporting webdriver.chrome.driver as C:\Users\raksh\.cache\selenium\chromedriver\win64\139.0.7258.154\chromedriver.exe
2025-09-06 17:01:29 [INFO] pages.LoginPage - Entered 'standard_user' into: UserName Field
2025-09-06 17:01:29 [INFO] pages.LoginPage - Entered 'secret_sauce' into: Password Field
2025-09-06 17:01:30 [INFO] pages.LoginPage - Clicked on: Login Button
2025-09-06 17:01:30 [INFO] pages.LoginPage - Login submitted.
2025-09-06 17:01:30 [INFO] pages.HomePage - ✅ Home Page loaded successfully. Title: Products
2025-09-06 17:01:30 [INFO] pages.HomePage - ✅ Home Page loaded successfully. Title: Products
2025-09-06 17:01:30 [INFO] pages.HomePage - Clicked on: Cart Button
2025-09-06 17:01:30 [INFO] pages.CartPage - Cart contains 0 product(s).
2025-09-06 17:01:30 [ERROR] pages.HomePage - ❌ Failed to add product: Sauce Labs Backpack
org.openqa.selenium.NoSuchElementException: no such element: Unable to locate element: {"method":"xpath","selector":"//div[@class='inventory_item' and .//div[@class='inventory_item_name ' and text()='Sauce Labs Backpack']]//button[contains(@class,'btn_inventory')]"}
  (Session info: chrome=139.0.7258.157)
For documentation on this error, please visit: https://www.selenium.dev/documentation/webdriver/troubleshooting/errors#no-such-element-exception
Build info: version: '4.35.0', revision: '1c58e5028b'
System info: os.name: 'Windows 11', os.arch: 'amd64', os.version: '10.0', java.version: '21.0.8'
Driver info: org.openqa.selenium.chrome.ChromeDriver
Command: [83c13b9cf32da88b398a50fc06f51c89, findElement {using=xpath, value=//div[@class='inventory_item' and .//div[@class='inventory_item_name ' and text()='Sauce Labs Backpack']]//button[contains(@class,'btn_inventory')]}]
Capabilities {acceptInsecureCerts: false, browserName: chrome, browserVersion: 139.0.7258.157, chrome: {chromedriverVersion: 139.0.7258.154 (9e0d6b2b47f..., userDataDir: C:\Users\raksh\AppData\Loca...}, fedcm:accounts: true, goog:chromeOptions: {debuggerAddress: localhost:50555}, networkConnectionEnabled: false, pageLoadStrategy: normal, platformName: windows, proxy: Proxy(), se:cdp: ws://localhost:50555/devtoo..., se:cdpVersion: 139.0.7258.157, setWindowRect: true, strictFileInteractability: false, timeouts: {implicit: 0, pageLoad: 300000, script: 30000}, unhandledPromptBehavior: dismiss and notify, webauthn:extension:credBlob: true, webauthn:extension:largeBlob: true, webauthn:extension:minPinLength: true, webauthn:extension:prf: true, webauthn:virtualAuthenticators: true}
Session ID: 83c13b9cf32da88b398a50fc06f51c89
	at java.base/jdk.internal.reflect.DirectConstructorHandleAccessor.newInstance(DirectConstructorHandleAccessor.java:62) ~[?:?]
	at java.base/java.lang.reflect.Constructor.newInstanceWithCaller(Constructor.java:502) ~[?:?]
	at java.base/java.lang.reflect.Constructor.newInstance(Constructor.java:486) ~[?:?]
	at org.openqa.selenium.remote.ErrorCodec.decode(ErrorCodec.java:167) ~[selenium-remote-driver-4.35.0.jar:?]
	at org.openqa.selenium.remote.codec.w3c.W3CHttpResponseCodec.decode(W3CHttpResponseCodec.java:138) ~[selenium-remote-driver-4.35.0.jar:?]
	at org.openqa.selenium.remote.codec.w3c.W3CHttpResponseCodec.decode(W3CHttpResponseCodec.java:50) ~[selenium-remote-driver-4.35.0.jar:?]
	at org.openqa.selenium.remote.HttpCommandExecutor.execute(HttpCommandExecutor.java:215) ~[selenium-remote-driver-4.35.0.jar:?]
	at org.openqa.selenium.remote.service.DriverCommandExecutor.invokeExecute(DriverCommandExecutor.java:216) ~[selenium-remote-driver-4.35.0.jar:?]
	at org.openqa.selenium.remote.service.DriverCommandExecutor.execute(DriverCommandExecutor.java:174) ~[selenium-remote-driver-4.35.0.jar:?]
	at org.openqa.selenium.remote.RemoteWebDriver.execute(RemoteWebDriver.java:557) ~[selenium-remote-driver-4.35.0.jar:?]
	at org.openqa.selenium.remote.ElementLocation$ElementFinder$2.findElement(ElementLocation.java:165) ~[selenium-remote-driver-4.35.0.jar:?]
	at org.openqa.selenium.remote.ElementLocation.findElement(ElementLocation.java:59) ~[selenium-remote-driver-4.35.0.jar:?]
	at org.openqa.selenium.remote.RemoteWebDriver.findElement(RemoteWebDriver.java:380) ~[selenium-remote-driver-4.35.0.jar:?]
	at org.openqa.selenium.remote.RemoteWebDriver.findElement(RemoteWebDriver.java:374) ~[selenium-remote-driver-4.35.0.jar:?]
	at pages.HomePage.addProducts(HomePage.java:137) ~[test-classes/:?]
	at stepDefinitions.CartSteps.cart_has_products(CartSteps.java:80) ~[test-classes/:?]
	at java.base/jdk.internal.reflect.DirectMethodHandleAccessor.invoke(DirectMethodHandleAccessor.java:103) ~[?:?]
	at java.base/java.lang.reflect.Method.invoke(Method.java:580) ~[?:?]
	at io.cucumber.java.Invoker.doInvoke(Invoker.java:66) ~[cucumber-java-7.27.2.jar:7.27.2]
	at io.cucumber.java.Invoker.invoke(Invoker.java:24) ~[cucumber-java-7.27.2.jar:7.27.2]
	at io.cucumber.java.AbstractGlueDefinition.invokeMethod(AbstractGlueDefinition.java:47) ~[cucumber-java-7.27.2.jar:7.27.2]
	at io.cucumber.java.JavaStepDefinition.execute(JavaStepDefinition.java:29) ~[cucumber-java-7.27.2.jar:7.27.2]
	at io.cucumber.core.runner.CoreStepDefinition.execute(CoreStepDefinition.java:66) ~[cucumber-core-7.27.2.jar:7.27.2]
	at io.cucumber.core.runner.PickleStepDefinitionMatch.runStep(PickleStepDefinitionMatch.java:62) ~[cucumber-core-7.27.2.jar:7.27.2]
	at io.cucumber.core.runner.ExecutionMode$1.execute(ExecutionMode.java:10) ~[cucumber-core-7.27.2.jar:7.27.2]
	at io.cucumber.core.runner.TestStep.executeStep(TestStep.java:81) ~[cucumber-core-7.27.2.jar:7.27.2]
	at io.cucumber.core.runner.TestStep.run(TestStep.java:53) ~[cucumber-core-7.27.2.jar:7.27.2]
	at io.cucumber.core.runner.PickleStepTestStep.run(PickleStepTestStep.java:51) ~[cucumber-core-7.27.2.jar:7.27.2]
	at io.cucumber.core.runner.TestCase.run(TestCase.java:86) ~[cucumber-core-7.27.2.jar:7.27.2]
	at io.cucumber.core.runner.Runner.runPickle(Runner.java:77) ~[cucumber-core-7.27.2.jar:7.27.2]
	at io.cucumber.core.runtime.Runtime.lambda$executePickle$6(Runtime.java:107) ~[cucumber-core-7.27.2.jar:7.27.2]
	at io.cucumber.core.runtime.CucumberExecutionContext.lambda$runTestCase$5(CucumberExecutionContext.java:136) ~[cucumber-core-7.27.2.jar:7.27.2]
	at io.cucumber.core.runtime.RethrowingThrowableCollector.executeAndThrow(RethrowingThrowableCollector.java:23) ~[cucumber-core-7.27.2.jar:7.27.2]
	at io.cucumber.core.runtime.CucumberExecutionContext.runTestCase(CucumberExecutionContext.java:136) ~[cucumber-core-7.27.2.jar:7.27.2]
	at io.cucumber.core.runtime.Runtime.lambda$executePickle$7(Runtime.java:107) ~[cucumber-core-7.27.2.jar:7.27.2]
	at java.base/java.util.concurrent.Executors$RunnableAdapter.call(Executors.java:572) ~[?:?]
	at java.base/java.util.concurrent.FutureTask.run(FutureTask.java:317) ~[?:?]
	at io.cucumber.core.runtime.Runtime$SameThreadExecutorService.execute(Runtime.java:235) ~[cucumber-core-7.27.2.jar:7.27.2]
	at java.base/java.util.concurrent.AbstractExecutorService.submit(AbstractExecutorService.java:123) ~[?:?]
	at io.cucumber.core.runtime.Runtime.lambda$runFeatures$3(Runtime.java:89) ~[cucumber-core-7.27.2.jar:7.27.2]
	at java.base/java.util.stream.ReferencePipeline$3$1.accept(ReferencePipeline.java:197) ~[?:?]
	at java.base/java.util.stream.SliceOps$1$1.accept(SliceOps.java:200) ~[?:?]
	at java.base/java.util.ArrayList$ArrayListSpliterator.tryAdvance(ArrayList.java:1685) ~[?:?]
	at java.base/java.util.stream.ReferencePipeline.forEachWithCancel(ReferencePipeline.java:129) ~[?:?]
	at java.base/java.util.stream.AbstractPipeline.copyIntoWithCancel(AbstractPipeline.java:527) ~[?:?]
	at java.base/java.util.stream.AbstractPipeline.copyInto(AbstractPipeline.java:513) ~[?:?]
	at java.base/java.util.stream.AbstractPipeline.wrapAndCopyInto(AbstractPipeline.java:499) ~[?:?]
	at java.base/java.util.stream.ReduceOps$ReduceOp.evaluateSequential(ReduceOps.java:921) ~[?:?]
	at java.base/java.util.stream.AbstractPipeline.evaluate(AbstractPipeline.java:234) ~[?:?]
	at java.base/java.util.stream.ReferencePipeline.collect(ReferencePipeline.java:682) ~[?:?]
	at io.cucumber.core.runtime.Runtime.runFeatures(Runtime.java:90) ~[cucumber-core-7.27.2.jar:7.27.2]
	at io.cucumber.core.runtime.Runtime.lambda$run$0(Runtime.java:78) ~[cucumber-core-7.27.2.jar:7.27.2]
	at io.cucumber.core.runtime.CucumberExecutionContext.lambda$runFeatures$6(CucumberExecutionContext.java:147) ~[cucumber-core-7.27.2.jar:7.27.2]
	at io.cucumber.core.runtime.CucumberExecutionContext.execute(CucumberExecutionContext.java:162) [cucumber-core-7.27.2.jar:7.27.2]
	at io.cucumber.core.runtime.CucumberExecutionContext.runFeatures(CucumberExecutionContext.java:145) [cucumber-core-7.27.2.jar:7.27.2]
	at io.cucumber.core.runtime.Runtime.run(Runtime.java:78) [cucumber-core-7.27.2.jar:7.27.2]
	at io.cucumber.core.cli.Main.run(Main.java:87) [cucumber-core-7.27.2.jar:7.27.2]
	at io.cucumber.core.cli.Main.main(Main.java:30) [cucumber-core-7.27.2.jar:7.27.2]
2025-09-06 17:01:31 [ERROR] stepDefinitions.Hooks - ❌ Scenario Failed: Continue shopping from cart page
2025-09-06 17:01:31 [INFO] stepDefinitions.Hooks - Scenario Status (after execution): FAILED
2025-09-06 17:01:31 [INFO] stepDefinitions.Hooks - ===============================================

2025-09-06 17:01:31 [INFO] stepDefinitions.Hooks - ===============================================
2025-09-06 17:01:31 [INFO] stepDefinitions.Hooks - Starting Scenario: Checkout button disabled when cart is empty
2025-09-06 17:01:31 [INFO] stepDefinitions.Hooks - ===============================================
2025-09-06 17:01:31 [INFO] io.github.bonigarcia.wdm.WebDriverManager - Using chromedriver 139.0.7258.154 (resolved driver for Chrome 139)
2025-09-06 17:01:31 [INFO] io.github.bonigarcia.wdm.WebDriverManager - Exporting webdriver.chrome.driver as C:\Users\raksh\.cache\selenium\chromedriver\win64\139.0.7258.154\chromedriver.exe
2025-09-06 17:01:34 [INFO] pages.LoginPage - Entered 'standard_user' into: UserName Field
2025-09-06 17:01:34 [INFO] pages.LoginPage - Entered 'secret_sauce' into: Password Field
2025-09-06 17:01:34 [INFO] pages.LoginPage - Clicked on: Login Button
2025-09-06 17:01:34 [INFO] pages.LoginPage - Login submitted.
2025-09-06 17:01:34 [INFO] pages.HomePage - ✅ Home Page loaded successfully. Title: Products
2025-09-06 17:01:35 [INFO] pages.HomePage - Clicked on: Cart Button
2025-09-06 17:01:35 [INFO] pages.CartPage - Cart contains 0 product(s).
2025-09-06 17:01:35 [INFO] pages.CartPage - Cart contains 0 product(s).
2025-09-06 17:01:35 [INFO] pages.CartPage - Checkout button enabled status: true
2025-09-06 17:01:35 [ERROR] stepDefinitions.Hooks - ❌ Scenario Failed: Checkout button disabled when cart is empty
2025-09-06 17:01:35 [INFO] stepDefinitions.Hooks - Scenario Status (after execution): FAILED
2025-09-06 17:01:35 [INFO] stepDefinitions.Hooks - ===============================================

2025-09-06 17:01:35 [INFO] stepDefinitions.Hooks - ===============================================
2025-09-06 17:01:35 [INFO] stepDefinitions.Hooks - Starting Scenario: Checkout products in cart
2025-09-06 17:01:35 [INFO] stepDefinitions.Hooks - ===============================================
2025-09-06 17:01:35 [INFO] io.github.bonigarcia.wdm.WebDriverManager - Using chromedriver 139.0.7258.154 (resolved driver for Chrome 139)
2025-09-06 17:01:35 [INFO] io.github.bonigarcia.wdm.WebDriverManager - Exporting webdriver.chrome.driver as C:\Users\raksh\.cache\selenium\chromedriver\win64\139.0.7258.154\chromedriver.exe
2025-09-06 17:01:39 [INFO] pages.LoginPage - Entered 'standard_user' into: UserName Field
2025-09-06 17:01:39 [INFO] pages.LoginPage - Entered 'secret_sauce' into: Password Field
2025-09-06 17:01:40 [INFO] pages.LoginPage - Clicked on: Login Button
2025-09-06 17:01:40 [INFO] pages.LoginPage - Login submitted.
2025-09-06 17:01:40 [INFO] pages.HomePage - ✅ Home Page loaded successfully. Title: Products
2025-09-06 17:01:40 [INFO] pages.HomePage - Clicked on: Cart Button
2025-09-06 17:01:40 [INFO] pages.CartPage - Cart contains 0 product(s).
2025-09-06 17:01:40 [INFO] pages.CartPage - Cart contains 0 product(s).
2025-09-06 17:01:40 [ERROR] pages.HomePage - ❌ Failed to add product: Sauce Labs Backpack
org.openqa.selenium.NoSuchElementException: no such element: Unable to locate element: {"method":"xpath","selector":"//div[@class='inventory_item' and .//div[@class='inventory_item_name ' and text()='Sauce Labs Backpack']]//button[contains(@class,'btn_inventory')]"}
  (Session info: chrome=139.0.7258.157)
For documentation on this error, please visit: https://www.selenium.dev/documentation/webdriver/troubleshooting/errors#no-such-element-exception
Build info: version: '4.35.0', revision: '1c58e5028b'
System info: os.name: 'Windows 11', os.arch: 'amd64', os.version: '10.0', java.version: '21.0.8'
Driver info: org.openqa.selenium.chrome.ChromeDriver
Command: [e8a10b57d523841826cd466af63e5b1b, findElement {using=xpath, value=//div[@class='inventory_item' and .//div[@class='inventory_item_name ' and text()='Sauce Labs Backpack']]//button[contains(@class,'btn_inventory')]}]
Capabilities {acceptInsecureCerts: false, browserName: chrome, browserVersion: 139.0.7258.157, chrome: {chromedriverVersion: 139.0.7258.154 (9e0d6b2b47f..., userDataDir: C:\Users\raksh\AppData\Loca...}, fedcm:accounts: true, goog:chromeOptions: {debuggerAddress: localhost:50604}, networkConnectionEnabled: false, pageLoadStrategy: normal, platformName: windows, proxy: Proxy(), se:cdp: ws://localhost:50604/devtoo..., se:cdpVersion: 139.0.7258.157, setWindowRect: true, strictFileInteractability: false, timeouts: {implicit: 0, pageLoad: 300000, script: 30000}, unhandledPromptBehavior: dismiss and notify, webauthn:extension:credBlob: true, webauthn:extension:largeBlob: true, webauthn:extension:minPinLength: true, webauthn:extension:prf: true, webauthn:virtualAuthenticators: true}
Session ID: e8a10b57d523841826cd466af63e5b1b
	at java.base/jdk.internal.reflect.DirectConstructorHandleAccessor.newInstance(DirectConstructorHandleAccessor.java:62) ~[?:?]
	at java.base/java.lang.reflect.Constructor.newInstanceWithCaller(Constructor.java:502) ~[?:?]
	at java.base/java.lang.reflect.Constructor.newInstance(Constructor.java:486) ~[?:?]
	at org.openqa.selenium.remote.ErrorCodec.decode(ErrorCodec.java:167) ~[selenium-remote-driver-4.35.0.jar:?]
	at org.openqa.selenium.remote.codec.w3c.W3CHttpResponseCodec.decode(W3CHttpResponseCodec.java:138) ~[selenium-remote-driver-4.35.0.jar:?]
	at org.openqa.selenium.remote.codec.w3c.W3CHttpResponseCodec.decode(W3CHttpResponseCodec.java:50) ~[selenium-remote-driver-4.35.0.jar:?]
	at org.openqa.selenium.remote.HttpCommandExecutor.execute(HttpCommandExecutor.java:215) ~[selenium-remote-driver-4.35.0.jar:?]
	at org.openqa.selenium.remote.service.DriverCommandExecutor.invokeExecute(DriverCommandExecutor.java:216) ~[selenium-remote-driver-4.35.0.jar:?]
	at org.openqa.selenium.remote.service.DriverCommandExecutor.execute(DriverCommandExecutor.java:174) ~[selenium-remote-driver-4.35.0.jar:?]
	at org.openqa.selenium.remote.RemoteWebDriver.execute(RemoteWebDriver.java:557) ~[selenium-remote-driver-4.35.0.jar:?]
	at org.openqa.selenium.remote.ElementLocation$ElementFinder$2.findElement(ElementLocation.java:165) ~[selenium-remote-driver-4.35.0.jar:?]
	at org.openqa.selenium.remote.ElementLocation.findElement(ElementLocation.java:59) ~[selenium-remote-driver-4.35.0.jar:?]
	at org.openqa.selenium.remote.RemoteWebDriver.findElement(RemoteWebDriver.java:380) ~[selenium-remote-driver-4.35.0.jar:?]
	at org.openqa.selenium.remote.RemoteWebDriver.findElement(RemoteWebDriver.java:374) ~[selenium-remote-driver-4.35.0.jar:?]
	at pages.HomePage.addProducts(HomePage.java:137) ~[test-classes/:?]
	at stepDefinitions.CartSteps.user_adds_products_to_cart(CartSteps.java:45) ~[test-classes/:?]
	at java.base/jdk.internal.reflect.DirectMethodHandleAccessor.invoke(DirectMethodHandleAccessor.java:103) ~[?:?]
	at java.base/java.lang.reflect.Method.invoke(Method.java:580) ~[?:?]
	at io.cucumber.java.Invoker.doInvoke(Invoker.java:66) ~[cucumber-java-7.27.2.jar:7.27.2]
	at io.cucumber.java.Invoker.invoke(Invoker.java:24) ~[cucumber-java-7.27.2.jar:7.27.2]
	at io.cucumber.java.AbstractGlueDefinition.invokeMethod(AbstractGlueDefinition.java:47) ~[cucumber-java-7.27.2.jar:7.27.2]
	at io.cucumber.java.JavaStepDefinition.execute(JavaStepDefinition.java:29) ~[cucumber-java-7.27.2.jar:7.27.2]
	at io.cucumber.core.runner.CoreStepDefinition.execute(CoreStepDefinition.java:66) ~[cucumber-core-7.27.2.jar:7.27.2]
	at io.cucumber.core.runner.PickleStepDefinitionMatch.runStep(PickleStepDefinitionMatch.java:62) ~[cucumber-core-7.27.2.jar:7.27.2]
	at io.cucumber.core.runner.ExecutionMode$1.execute(ExecutionMode.java:10) ~[cucumber-core-7.27.2.jar:7.27.2]
	at io.cucumber.core.runner.TestStep.executeStep(TestStep.java:81) ~[cucumber-core-7.27.2.jar:7.27.2]
	at io.cucumber.core.runner.TestStep.run(TestStep.java:53) ~[cucumber-core-7.27.2.jar:7.27.2]
	at io.cucumber.core.runner.PickleStepTestStep.run(PickleStepTestStep.java:51) ~[cucumber-core-7.27.2.jar:7.27.2]
	at io.cucumber.core.runner.TestCase.run(TestCase.java:86) ~[cucumber-core-7.27.2.jar:7.27.2]
	at io.cucumber.core.runner.Runner.runPickle(Runner.java:77) ~[cucumber-core-7.27.2.jar:7.27.2]
	at io.cucumber.core.runtime.Runtime.lambda$executePickle$6(Runtime.java:107) ~[cucumber-core-7.27.2.jar:7.27.2]
	at io.cucumber.core.runtime.CucumberExecutionContext.lambda$runTestCase$5(CucumberExecutionContext.java:136) ~[cucumber-core-7.27.2.jar:7.27.2]
	at io.cucumber.core.runtime.RethrowingThrowableCollector.executeAndThrow(RethrowingThrowableCollector.java:23) ~[cucumber-core-7.27.2.jar:7.27.2]
	at io.cucumber.core.runtime.CucumberExecutionContext.runTestCase(CucumberExecutionContext.java:136) ~[cucumber-core-7.27.2.jar:7.27.2]
	at io.cucumber.core.runtime.Runtime.lambda$executePickle$7(Runtime.java:107) ~[cucumber-core-7.27.2.jar:7.27.2]
	at java.base/java.util.concurrent.Executors$RunnableAdapter.call(Executors.java:572) ~[?:?]
	at java.base/java.util.concurrent.FutureTask.run(FutureTask.java:317) ~[?:?]
	at io.cucumber.core.runtime.Runtime$SameThreadExecutorService.execute(Runtime.java:235) ~[cucumber-core-7.27.2.jar:7.27.2]
	at java.base/java.util.concurrent.AbstractExecutorService.submit(AbstractExecutorService.java:123) ~[?:?]
	at io.cucumber.core.runtime.Runtime.lambda$runFeatures$3(Runtime.java:89) ~[cucumber-core-7.27.2.jar:7.27.2]
	at java.base/java.util.stream.ReferencePipeline$3$1.accept(ReferencePipeline.java:197) ~[?:?]
	at java.base/java.util.stream.SliceOps$1$1.accept(SliceOps.java:200) ~[?:?]
	at java.base/java.util.ArrayList$ArrayListSpliterator.tryAdvance(ArrayList.java:1685) ~[?:?]
	at java.base/java.util.stream.ReferencePipeline.forEachWithCancel(ReferencePipeline.java:129) ~[?:?]
	at java.base/java.util.stream.AbstractPipeline.copyIntoWithCancel(AbstractPipeline.java:527) ~[?:?]
	at java.base/java.util.stream.AbstractPipeline.copyInto(AbstractPipeline.java:513) ~[?:?]
	at java.base/java.util.stream.AbstractPipeline.wrapAndCopyInto(AbstractPipeline.java:499) ~[?:?]
	at java.base/java.util.stream.ReduceOps$ReduceOp.evaluateSequential(ReduceOps.java:921) ~[?:?]
	at java.base/java.util.stream.AbstractPipeline.evaluate(AbstractPipeline.java:234) ~[?:?]
	at java.base/java.util.stream.ReferencePipeline.collect(ReferencePipeline.java:682) ~[?:?]
	at io.cucumber.core.runtime.Runtime.runFeatures(Runtime.java:90) ~[cucumber-core-7.27.2.jar:7.27.2]
	at io.cucumber.core.runtime.Runtime.lambda$run$0(Runtime.java:78) ~[cucumber-core-7.27.2.jar:7.27.2]
	at io.cucumber.core.runtime.CucumberExecutionContext.lambda$runFeatures$6(CucumberExecutionContext.java:147) ~[cucumber-core-7.27.2.jar:7.27.2]
	at io.cucumber.core.runtime.CucumberExecutionContext.execute(CucumberExecutionContext.java:162) [cucumber-core-7.27.2.jar:7.27.2]
	at io.cucumber.core.runtime.CucumberExecutionContext.runFeatures(CucumberExecutionContext.java:145) [cucumber-core-7.27.2.jar:7.27.2]
	at io.cucumber.core.runtime.Runtime.run(Runtime.java:78) [cucumber-core-7.27.2.jar:7.27.2]
	at io.cucumber.core.cli.Main.run(Main.java:87) [cucumber-core-7.27.2.jar:7.27.2]
	at io.cucumber.core.cli.Main.main(Main.java:30) [cucumber-core-7.27.2.jar:7.27.2]
2025-09-06 17:01:41 [ERROR] stepDefinitions.Hooks - ❌ Scenario Failed: Checkout products in cart
2025-09-06 17:01:41 [INFO] stepDefinitions.Hooks - Scenario Status (after execution): FAILED
2025-09-06 17:01:41 [INFO] stepDefinitions.Hooks - ===============================================

